<?xml version="1.0" encoding="UTF-8"?>
<testsuite name="org.billschofield.tictactoe.GameTest" tests="1" skipped="0" failures="1" errors="0" timestamp="2021-07-06T19:27:33" hostname="rappac-a01.vmware.com" time="3.163">
  <properties/>
  <testcase name="shouldPromptPlayerOneToMoveWhenTheGameStarts" classname="org.billschofield.tictactoe.GameTest" time="3.163">
    <failure message="java.lang.StackOverflowError" type="java.lang.StackOverflowError">java.lang.StackOverflowError
	at org.mockito.internal.util.ObjectMethodsGuru.isToStringMethod(ObjectMethodsGuru.java:17)
	at org.mockito.internal.stubbing.defaultanswers.ReturnsEmptyValues.answer(ReturnsEmptyValues.java:58)
	at org.mockito.internal.stubbing.defaultanswers.GloballyConfiguredAnswer.answer(GloballyConfiguredAnswer.java:24)
	at org.mockito.Answers.answer(Answers.java:100)
	at org.mockito.internal.handler.MockHandlerImpl.handle(MockHandlerImpl.java:97)
	at org.mockito.internal.handler.NullResultGuardian.handle(NullResultGuardian.java:29)
	at org.mockito.internal.handler.InvocationNotifierHandler.handle(InvocationNotifierHandler.java:35)
	at org.mockito.internal.creation.bytebuddy.MockMethodInterceptor.doIntercept(MockMethodInterceptor.java:65)
	at org.mockito.internal.creation.bytebuddy.MockMethodInterceptor.doIntercept(MockMethodInterceptor.java:51)
	at org.mockito.internal.creation.bytebuddy.MockMethodInterceptor$DispatcherDefaultingToRealMethod.interceptSuperCallable(MockMethodInterceptor.java:135)
	at codegen.java.io.PrintStream$MockitoMock$1402364788.println(Unknown Source)
	at org.billschofield.tictactoe.Game.determinePlayerMove(Game.java:79)
	at org.billschofield.tictactoe.Game.runNewRound(Game.java:42)
	at org.billschofield.tictactoe.Game.runNewRound(Game.java:47)
	at org.billschofield.tictactoe.Game.runNewRound(Game.java:47)
	at org.billschofield.tictactoe.Game.start(Game.java:35)
	at org.billschofield.tictactoe.Game.runNewRound(Game.java:50)
	at org.billschofield.tictactoe.Game.runNewRound(Game.java:47)
	at org.billschofield.tictactoe.Game.runNewRound(Game.java:47)
	at org.billschofield.tictactoe.Game.start(Game.java:35)
	at org.billschofield.tictactoe.Game.runNewRound(Game.java:50)
	at org.billschofield.tictactoe.Game.runNewRound(Game.java:47)
	at org.billschofield.tictactoe.Game.runNewRound(Game.java:47)
	at org.billschofield.tictactoe.Game.start(Game.java:35)
	at org.billschofield.tictactoe.Game.runNewRound(Game.java:50)
	at org.billschofield.tictactoe.Game.runNewRound(Game.java:47)
	at org.billschofield.tictactoe.Game.runNewRound(Game.java:47)
	at org.billschofield.tictactoe.Game.start(Game.java:35)
	at org.billschofield.tictactoe.Game.runNewRound(Game.java:50)
	at org.billschofield.tictactoe.Game.runNewRound(Game.java:47)
	at org.billschofield.tictactoe.Game.runNewRound(Game.java:47)
	at org.billschofield.tictactoe.Game.start(Game.java:35)
	at org.billschofield.tictactoe.Game.runNewRound(Game.java:50)
	at org.billschofield.tictactoe.Game.runNewRound(Game.java:47)
	at org.billschofield.tictactoe.Game.runNewRound(Game.java:47)
	at org.billschofield.tictactoe.Game.start(Game.java:35)
	at org.billschofield.tictactoe.Game.runNewRound(Game.java:50)
	at org.billschofield.tictactoe.Game.runNewRound(Game.java:47)
	at org.billschofield.tictactoe.Game.runNewRound(Game.java:47)
	at org.billschofield.tictactoe.Game.start(Game.java:35)
	at org.billschofield.tictactoe.Game.runNewRound(Game.java:50)
	at org.billschofield.tictactoe.Game.runNewRound(Game.java:47)
	at org.billschofield.tictactoe.Game.runNewRound(Game.java:47)
	at org.billschofield.tictactoe.Game.start(Game.java:35)
	at org.billschofield.tictactoe.Game.runNewRound(Game.java:50)
	at org.billschofield.tictactoe.Game.runNewRound(Game.java:47)
	at org.billschofield.tictactoe.Game.runNewRound(Game.java:47)
	at org.billschofield.tictactoe.Game.start(Game.java:35)
	at org.billschofield.tictactoe.Game.runNewRound(Game.java:50)
	at org.billschofield.tictactoe.Game.runNewRound(Game.java:47)
	at org.billschofield.tictactoe.Game.runNewRound(Game.java:47)
	at org.billschofield.tictactoe.Game.start(Game.java:35)
	at org.billschofield.tictactoe.Game.runNewRound(Game.java:50)
	at org.billschofield.tictactoe.Game.runNewRound(Game.java:47)
	at org.billschofield.tictactoe.Game.runNewRound(Game.java:47)
	at org.billschofield.tictactoe.Game.start(Game.java:35)
	at org.billschofield.tictactoe.Game.runNewRound(Game.java:50)
	at org.billschofield.tictactoe.Game.runNewRound(Game.java:47)
	at org.billschofield.tictactoe.Game.runNewRound(Game.java:47)
	at org.billschofield.tictactoe.Game.start(Game.java:35)
	at org.billschofield.tictactoe.Game.runNewRound(Game.java:50)
	at org.billschofield.tictactoe.Game.runNewRound(Game.java:47)
	at org.billschofield.tictactoe.Game.runNewRound(Game.java:47)
	at org.billschofield.tictactoe.Game.start(Game.java:35)
	at org.billschofield.tictactoe.Game.runNewRound(Game.java:50)
	at org.billschofield.tictactoe.Game.runNewRound(Game.java:47)
	at org.billschofield.tictactoe.Game.runNewRound(Game.java:47)
	at org.billschofield.tictactoe.Game.start(Game.java:35)
	at org.billschofield.tictactoe.Game.runNewRound(Game.java:50)
	at org.billschofield.tictactoe.Game.runNewRound(Game.java:47)
	at org.billschofield.tictactoe.Game.runNewRound(Game.java:47)
	at org.billschofield.tictactoe.Game.start(Game.java:35)
	at org.billschofield.tictactoe.Game.runNewRound(Game.java:50)
	at org.billschofield.tictactoe.Game.runNewRound(Game.java:47)
	at org.billschofield.tictactoe.Game.runNewRound(Game.java:47)
	at org.billschofield.tictactoe.Game.start(Game.java:35)
	at org.billschofield.tictactoe.Game.runNewRound(Game.java:50)
	at org.billschofield.tictactoe.Game.runNewRound(Game.java:47)
	at org.billschofield.tictactoe.Game.runNewRound(Game.java:47)
	at org.billschofield.tictactoe.Game.start(Game.java:35)
	at org.billschofield.tictactoe.Game.runNewRound(Game.java:50)
	at org.billschofield.tictactoe.Game.runNewRound(Game.java:47)
	at org.billschofield.tictactoe.Game.runNewRound(Game.java:47)
	at org.billschofield.tictactoe.Game.start(Game.java:35)
	at org.billschofield.tictactoe.Game.runNewRound(Game.java:50)
	at org.billschofield.tictactoe.Game.runNewRound(Game.java:47)
	at org.billschofield.tictactoe.Game.runNewRound(Game.java:47)
	at org.billschofield.tictactoe.Game.start(Game.java:35)
	at org.billschofield.tictactoe.Game.runNewRound(Game.java:50)
	at org.billschofield.tictactoe.Game.runNewRound(Game.java:47)
	at org.billschofield.tictactoe.Game.runNewRound(Game.java:47)
	at org.billschofield.tictactoe.Game.start(Game.java:35)
	at org.billschofield.tictactoe.Game.runNewRound(Game.java:50)
	at org.billschofield.tictactoe.Game.runNewRound(Game.java:47)
	at org.billschofield.tictactoe.Game.runNewRound(Game.java:47)
	at org.billschofield.tictactoe.Game.start(Game.java:35)
	at org.billschofield.tictactoe.Game.runNewRound(Game.java:50)
	at org.billschofield.tictactoe.Game.runNewRound(Game.java:47)
	at org.billschofield.tictactoe.Game.runNewRound(Game.java:47)
	at org.billschofield.tictactoe.Game.start(Game.java:35)
	at org.billschofield.tictactoe.Game.runNewRound(Game.java:50)
	at org.billschofield.tictactoe.Game.runNewRound(Game.java:47)
	at org.billschofield.tictactoe.Game.runNewRound(Game.java:47)
	at org.billschofield.tictactoe.Game.start(Game.java:35)
	at org.billschofield.tictactoe.Game.runNewRound(Game.java:50)
	at org.billschofield.tictactoe.Game.runNewRound(Game.java:47)
	at org.billschofield.tictactoe.Game.runNewRound(Game.java:47)
	at org.billschofield.tictactoe.Game.start(Game.java:35)
	at org.billschofield.tictactoe.Game.runNewRound(Game.java:50)
	at org.billschofield.tictactoe.Game.runNewRound(Game.java:47)
	at org.billschofield.tictactoe.Game.runNewRound(Game.java:47)
	at org.billschofield.tictactoe.Game.start(Game.java:35)
	at org.billschofield.tictactoe.Game.runNewRound(Game.java:50)
	at org.billschofield.tictactoe.Game.runNewRound(Game.java:47)
	at org.billschofield.tictactoe.Game.runNewRound(Game.java:47)
	at org.billschofield.tictactoe.Game.start(Game.java:35)
	at org.billschofield.tictactoe.Game.runNewRound(Game.java:50)
	at org.billschofield.tictactoe.Game.runNewRound(Game.java:47)
	at org.billschofield.tictactoe.Game.runNewRound(Game.java:47)
	at org.billschofield.tictactoe.Game.start(Game.java:35)
	at org.billschofield.tictactoe.Game.runNewRound(Game.java:50)
	at org.billschofield.tictactoe.Game.runNewRound(Game.java:47)
	at org.billschofield.tictactoe.Game.runNewRound(Game.java:47)
	at org.billschofield.tictactoe.Game.start(Game.java:35)
	at org.billschofield.tictactoe.Game.runNewRound(Game.java:50)
	at org.billschofield.tictactoe.Game.runNewRound(Game.java:47)
	at org.billschofield.tictactoe.Game.runNewRound(Game.java:47)
	at org.billschofield.tictactoe.Game.start(Game.java:35)
	at org.billschofield.tictactoe.Game.runNewRound(Game.java:50)
	at org.billschofield.tictactoe.Game.runNewRound(Game.java:47)
	at org.billschofield.tictactoe.Game.runNewRound(Game.java:47)
	at org.billschofield.tictactoe.Game.start(Game.java:35)
	at org.billschofield.tictactoe.Game.runNewRound(Game.java:50)
	at org.billschofield.tictactoe.Game.runNewRound(Game.java:47)
	at org.billschofield.tictactoe.Game.runNewRound(Game.java:47)
	at org.billschofield.tictactoe.Game.start(Game.java:35)
	at org.billschofield.tictactoe.Game.runNewRound(Game.java:50)
	at org.billschofield.tictactoe.Game.runNewRound(Game.java:47)
	at org.billschofield.tictactoe.Game.runNewRound(Game.java:47)
	at org.billschofield.tictactoe.Game.start(Game.java:35)
	at org.billschofield.tictactoe.Game.runNewRound(Game.java:50)
	at org.billschofield.tictactoe.Game.runNewRound(Game.java:47)
	at org.billschofield.tictactoe.Game.runNewRound(Game.java:47)
	at org.billschofield.tictactoe.Game.start(Game.java:35)
	at org.billschofield.tictactoe.Game.runNewRound(Game.java:50)
	at org.billschofield.tictactoe.Game.runNewRound(Game.java:47)
	at org.billschofield.tictactoe.Game.runNewRound(Game.java:47)
	at org.billschofield.tictactoe.Game.start(Game.java:35)
	at org.billschofield.tictactoe.Game.runNewRound(Game.java:50)
	at org.billschofield.tictactoe.Game.runNewRound(Game.java:47)
	at org.billschofield.tictactoe.Game.runNewRound(Game.java:47)
	at org.billschofield.tictactoe.Game.start(Game.java:35)
	at org.billschofield.tictactoe.Game.runNewRound(Game.java:50)
	at org.billschofield.tictactoe.Game.runNewRound(Game.java:47)
	at org.billschofield.tictactoe.Game.runNewRound(Game.java:47)
	at org.billschofield.tictactoe.Game.start(Game.java:35)
	at org.billschofield.tictactoe.Game.runNewRound(Game.java:50)
	at org.billschofield.tictactoe.Game.runNewRound(Game.java:47)
	at org.billschofield.tictactoe.Game.runNewRound(Game.java:47)
	at org.billschofield.tictactoe.Game.start(Game.java:35)
	at org.billschofield.tictactoe.Game.runNewRound(Game.java:50)
	at org.billschofield.tictactoe.Game.runNewRound(Game.java:47)
	at org.billschofield.tictactoe.Game.runNewRound(Game.java:47)
	at org.billschofield.tictactoe.Game.start(Game.java:35)
	at org.billschofield.tictactoe.Game.runNewRound(Game.java:50)
	at org.billschofield.tictactoe.Game.runNewRound(Game.java:47)
	at org.billschofield.tictactoe.Game.runNewRound(Game.java:47)
	at org.billschofield.tictactoe.Game.start(Game.java:35)
	at org.billschofield.tictactoe.Game.runNewRound(Game.java:50)
	at org.billschofield.tictactoe.Game.runNewRound(Game.java:47)
	at org.billschofield.tictactoe.Game.runNewRound(Game.java:47)
	at org.billschofield.tictactoe.Game.start(Game.java:35)
	at org.billschofield.tictactoe.Game.runNewRound(Game.java:50)
	at org.billschofield.tictactoe.Game.runNewRound(Game.java:47)
	at org.billschofield.tictactoe.Game.runNewRound(Game.java:47)
	at org.billschofield.tictactoe.Game.start(Game.java:35)
	at org.billschofield.tictactoe.Game.runNewRound(Game.java:50)
	at org.billschofield.tictactoe.Game.runNewRound(Game.java:47)
	at org.billschofield.tictactoe.Game.runNewRound(Game.java:47)
	at org.billschofield.tictactoe.Game.start(Game.java:35)
	at org.billschofield.tictactoe.Game.runNewRound(Game.java:50)
	at org.billschofield.tictactoe.Game.runNewRound(Game.java:47)
	at org.billschofield.tictactoe.Game.runNewRound(Game.java:47)
	at org.billschofield.tictactoe.Game.start(Game.java:35)
	at org.billschofield.tictactoe.Game.runNewRound(Game.java:50)
	at org.billschofield.tictactoe.Game.runNewRound(Game.java:47)
	at org.billschofield.tictactoe.Game.runNewRound(Game.java:47)
	at org.billschofield.tictactoe.Game.start(Game.java:35)
	at org.billschofield.tictactoe.Game.runNewRound(Game.java:50)
	at org.billschofield.tictactoe.Game.runNewRound(Game.java:47)
	at org.billschofield.tictactoe.Game.runNewRound(Game.java:47)
	at org.billschofield.tictactoe.Game.start(Game.java:35)
	at org.billschofield.tictactoe.Game.runNewRound(Game.java:50)
	at org.billschofield.tictactoe.Game.runNewRound(Game.java:47)
	at org.billschofield.tictactoe.Game.runNewRound(Game.java:47)
	at org.billschofield.tictactoe.Game.start(Game.java:35)
	at org.billschofield.tictactoe.Game.runNewRound(Game.java:50)
	at org.billschofield.tictactoe.Game.runNewRound(Game.java:47)
	at org.billschofield.tictactoe.Game.runNewRound(Game.java:47)
	at org.billschofield.tictactoe.Game.start(Game.java:35)
	at org.billschofield.tictactoe.Game.runNewRound(Game.java:50)
	at org.billschofield.tictactoe.Game.runNewRound(Game.java:47)
	at org.billschofield.tictactoe.Game.runNewRound(Game.java:47)
	at org.billschofield.tictactoe.Game.start(Game.java:35)
	at org.billschofield.tictactoe.Game.runNewRound(Game.java:50)
	at org.billschofield.tictactoe.Game.runNewRound(Game.java:47)
	at org.billschofield.tictactoe.Game.runNewRound(Game.java:47)
	at org.billschofield.tictactoe.Game.start(Game.java:35)
	at org.billschofield.tictactoe.Game.runNewRound(Game.java:50)
	at org.billschofield.tictactoe.Game.runNewRound(Game.java:47)
	at org.billschofield.tictactoe.Game.runNewRound(Game.java:47)
	at org.billschofield.tictactoe.Game.start(Game.java:35)
	at org.billschofield.tictactoe.Game.runNewRound(Game.java:50)
	at org.billschofield.tictactoe.Game.runNewRound(Game.java:47)
	at org.billschofield.tictactoe.Game.runNewRound(Game.java:47)
	at org.billschofield.tictactoe.Game.start(Game.java:35)
	at org.billschofield.tictactoe.Game.runNewRound(Game.java:50)
	at org.billschofield.tictactoe.Game.runNewRound(Game.java:47)
	at org.billschofield.tictactoe.Game.runNewRound(Game.java:47)
	at org.billschofield.tictactoe.Game.start(Game.java:35)
	at org.billschofield.tictactoe.Game.runNewRound(Game.java:50)
	at org.billschofield.tictactoe.Game.runNewRound(Game.java:47)
	at org.billschofield.tictactoe.Game.runNewRound(Game.java:47)
	at org.billschofield.tictactoe.Game.start(Game.java:35)
	at org.billschofield.tictactoe.Game.runNewRound(Game.java:50)
	at org.billschofield.tictactoe.Game.runNewRound(Game.java:47)
	at org.billschofield.tictactoe.Game.runNewRound(Game.java:47)
	at org.billschofield.tictactoe.Game.start(Game.java:35)
	at org.billschofield.tictactoe.Game.runNewRound(Game.java:50)
	at org.billschofield.tictactoe.Game.runNewRound(Game.java:47)
	at org.billschofield.tictactoe.Game.runNewRound(Game.java:47)
	at org.billschofield.tictactoe.Game.start(Game.java:35)
	at org.billschofield.tictactoe.Game.runNewRound(Game.java:50)
	at org.billschofield.tictactoe.Game.runNewRound(Game.java:47)
	at org.billschofield.tictactoe.Game.runNewRound(Game.java:47)
	at org.billschofield.tictactoe.Game.start(Game.java:35)
	at org.billschofield.tictactoe.Game.runNewRound(Game.java:50)
	at org.billschofield.tictactoe.Game.runNewRound(Game.java:47)
	at org.billschofield.tictactoe.Game.runNewRound(Game.java:47)
	at org.billschofield.tictactoe.Game.start(Game.java:35)
	at org.billschofield.tictactoe.Game.runNewRound(Game.java:50)
	at org.billschofield.tictactoe.Game.runNewRound(Game.java:47)
	at org.billschofield.tictactoe.Game.runNewRound(Game.java:47)
	at org.billschofield.tictactoe.Game.start(Game.java:35)
	at org.billschofield.tictactoe.Game.runNewRound(Game.java:50)
	at org.billschofield.tictactoe.Game.runNewRound(Game.java:47)
	at org.billschofield.tictactoe.Game.runNewRound(Game.java:47)
	at org.billschofield.tictactoe.Game.start(Game.java:35)
	at org.billschofield.tictactoe.Game.runNewRound(Game.java:50)
	at org.billschofield.tictactoe.Game.runNewRound(Game.java:47)
	at org.billschofield.tictactoe.Game.runNewRound(Game.java:47)
	at org.billschofield.tictactoe.Game.start(Game.java:35)
	at org.billschofield.tictactoe.Game.runNewRound(Game.java:50)
	at org.billschofield.tictactoe.Game.runNewRound(Game.java:47)
	at org.billschofield.tictactoe.Game.runNewRound(Game.java:47)
	at org.billschofield.tictactoe.Game.start(Game.java:35)
	at org.billschofield.tictactoe.Game.runNewRound(Game.java:50)
	at org.billschofield.tictactoe.Game.runNewRound(Game.java:47)
	at org.billschofield.tictactoe.Game.runNewRound(Game.java:47)
	at org.billschofield.tictactoe.Game.start(Game.java:35)
	at org.billschofield.tictactoe.Game.runNewRound(Game.java:50)
	at org.billschofield.tictactoe.Game.runNewRound(Game.java:47)
	at org.billschofield.tictactoe.Game.runNewRound(Game.java:47)
	at org.billschofield.tictactoe.Game.start(Game.java:35)
	at org.billschofield.tictactoe.Game.runNewRound(Game.java:50)
	at org.billschofield.tictactoe.Game.runNewRound(Game.java:47)
	at org.billschofield.tictactoe.Game.runNewRound(Game.java:47)
	at org.billschofield.tictactoe.Game.start(Game.java:35)
	at org.billschofield.tictactoe.Game.runNewRound(Game.java:50)
	at org.billschofield.tictactoe.Game.runNewRound(Game.java:47)
	at org.billschofield.tictactoe.Game.runNewRound(Game.java:47)
	at org.billschofield.tictactoe.Game.start(Game.java:35)
	at org.billschofield.tictactoe.Game.runNewRound(Game.java:50)
	at org.billschofield.tictactoe.Game.runNewRound(Game.java:47)
	at org.billschofield.tictactoe.Game.runNewRound(Game.java:47)
	at org.billschofield.tictactoe.Game.start(Game.java:35)
	at org.billschofield.tictactoe.Game.runNewRound(Game.java:50)
	at org.billschofield.tictactoe.Game.runNewRound(Game.java:47)
	at org.billschofield.tictactoe.Game.runNewRound(Game.java:47)
	at org.billschofield.tictactoe.Game.start(Game.java:35)
	at org.billschofield.tictactoe.Game.runNewRound(Game.java:50)
	at org.billschofield.tictactoe.Game.runNewRound(Game.java:47)
	at org.billschofield.tictactoe.Game.runNewRound(Game.java:47)
	at org.billschofield.tictactoe.Game.start(Game.java:35)
	at org.billschofield.tictactoe.Game.runNewRound(Game.java:50)
	at org.billschofield.tictactoe.Game.runNewRound(Game.java:47)
	at org.billschofield.tictactoe.Game.runNewRound(Game.java:47)
	at org.billschofield.tictactoe.Game.start(Game.java:35)
	at org.billschofield.tictactoe.Game.runNewRound(Game.java:50)
	at org.billschofield.tictactoe.Game.runNewRound(Game.java:47)
	at org.billschofield.tictactoe.Game.runNewRound(Game.java:47)
	at org.billschofield.tictactoe.Game.start(Game.java:35)
	at org.billschofield.tictactoe.Game.runNewRound(Game.java:50)
	at org.billschofield.tictactoe.Game.runNewRound(Game.java:47)
	at org.billschofield.tictactoe.Game.runNewRound(Game.java:47)
	at org.billschofield.tictactoe.Game.start(Game.java:35)
	at org.billschofield.tictactoe.Game.runNewRound(Game.java:50)
	at org.billschofield.tictactoe.Game.runNewRound(Game.java:47)
	at org.billschofield.tictactoe.Game.runNewRound(Game.java:47)
	at org.billschofield.tictactoe.Game.start(Game.java:35)
	at org.billschofield.tictactoe.Game.runNewRound(Game.java:50)
	at org.billschofield.tictactoe.Game.runNewRound(Game.java:47)
	at org.billschofield.tictactoe.Game.runNewRound(Game.java:47)
	at org.billschofield.tictactoe.Game.start(Game.java:35)
	at org.billschofield.tictactoe.Game.runNewRound(Game.java:50)
	at org.billschofield.tictactoe.Game.runNewRound(Game.java:47)
	at org.billschofield.tictactoe.Game.runNewRound(Game.java:47)
	at org.billschofield.tictactoe.Game.start(Game.java:35)
	at org.billschofield.tictactoe.Game.runNewRound(Game.java:50)
	at org.billschofield.tictactoe.Game.runNewRound(Game.java:47)
	at org.billschofield.tictactoe.Game.runNewRound(Game.java:47)
	at org.billschofield.tictactoe.Game.start(Game.java:35)
	at org.billschofield.tictactoe.Game.runNewRound(Game.java:50)
	at org.billschofield.tictactoe.Game.runNewRound(Game.java:47)
	at org.billschofield.tictactoe.Game.runNewRound(Game.java:47)
	at org.billschofield.tictactoe.Game.start(Game.java:35)
	at org.billschofield.tictactoe.Game.runNewRound(Game.java:50)
	at org.billschofield.tictactoe.Game.runNewRound(Game.java:47)
	at org.billschofield.tictactoe.Game.runNewRound(Game.java:47)
	at org.billschofield.tictactoe.Game.start(Game.java:35)
	at org.billschofield.tictactoe.Game.runNewRound(Game.java:50)
	at org.billschofield.tictactoe.Game.runNewRound(Game.java:47)
	at org.billschofield.tictactoe.Game.runNewRound(Game.java:47)
	at org.billschofield.tictactoe.Game.start(Game.java:35)
	at org.billschofield.tictactoe.Game.runNewRound(Game.java:50)
	at org.billschofield.tictactoe.Game.runNewRound(Game.java:47)
	at org.billschofield.tictactoe.Game.runNewRound(Game.java:47)
	at org.billschofield.tictactoe.Game.start(Game.java:35)
	at org.billschofield.tictactoe.Game.runNewRound(Game.java:50)
	at org.billschofield.tictactoe.Game.runNewRound(Game.java:47)
	at org.billschofield.tictactoe.Game.runNewRound(Game.java:47)
	at org.billschofield.tictactoe.Game.start(Game.java:35)
	at org.billschofield.tictactoe.Game.runNewRound(Game.java:50)
	at org.billschofield.tictactoe.Game.runNewRound(Game.java:47)
	at org.billschofield.tictactoe.Game.runNewRound(Game.java:47)
	at org.billschofield.tictactoe.Game.start(Game.java:35)
	at org.billschofield.tictactoe.Game.runNewRound(Game.java:50)
	at org.billschofield.tictactoe.Game.runNewRound(Game.java:47)
	at org.billschofield.tictactoe.Game.runNewRound(Game.java:47)
	at org.billschofield.tictactoe.Game.start(Game.java:35)
	at org.billschofield.tictactoe.Game.runNewRound(Game.java:50)
	at org.billschofield.tictactoe.Game.runNewRound(Game.java:47)
	at org.billschofield.tictactoe.Game.runNewRound(Game.java:47)
	at org.billschofield.tictactoe.Game.start(Game.java:35)
	at org.billschofield.tictactoe.Game.runNewRound(Game.java:50)
	at org.billschofield.tictactoe.Game.runNewRound(Game.java:47)
	at org.billschofield.tictactoe.Game.runNewRound(Game.java:47)
	at org.billschofield.tictactoe.Game.start(Game.java:35)
	at org.billschofield.tictactoe.Game.runNewRound(Game.java:50)
	at org.billschofield.tictactoe.Game.runNewRound(Game.java:47)
	at org.billschofield.tictactoe.Game.runNewRound(Game.java:47)
	at org.billschofield.tictactoe.Game.start(Game.java:35)
	at org.billschofield.tictactoe.Game.runNewRound(Game.java:50)
	at org.billschofield.tictactoe.Game.runNewRound(Game.java:47)
	at org.billschofield.tictactoe.Game.runNewRound(Game.java:47)
	at org.billschofield.tictactoe.Game.start(Game.java:35)
	at org.billschofield.tictactoe.Game.runNewRound(Game.java:50)
	at org.billschofield.tictactoe.Game.runNewRound(Game.java:47)
	at org.billschofield.tictactoe.Game.runNewRound(Game.java:47)
	at org.billschofield.tictactoe.Game.start(Game.java:35)
	at org.billschofield.tictactoe.Game.runNewRound(Game.java:50)
	at org.billschofield.tictactoe.Game.runNewRound(Game.java:47)
	at org.billschofield.tictactoe.Game.runNewRound(Game.java:47)
	at org.billschofield.tictactoe.Game.start(Game.java:35)
	at org.billschofield.tictactoe.Game.runNewRound(Game.java:50)
	at org.billschofield.tictactoe.Game.runNewRound(Game.java:47)
	at org.billschofield.tictactoe.Game.runNewRound(Game.java:47)
	at org.billschofield.tictactoe.Game.start(Game.java:35)
	at org.billschofield.tictactoe.Game.runNewRound(Game.java:50)
	at org.billschofield.tictactoe.Game.runNewRound(Game.java:47)
	at org.billschofield.tictactoe.Game.runNewRound(Game.java:47)
	at org.billschofield.tictactoe.Game.start(Game.java:35)
	at org.billschofield.tictactoe.Game.runNewRound(Game.java:50)
	at org.billschofield.tictactoe.Game.runNewRound(Game.java:47)
	at org.billschofield.tictactoe.Game.runNewRound(Game.java:47)
	at org.billschofield.tictactoe.Game.start(Game.java:35)
	at org.billschofield.tictactoe.Game.runNewRound(Game.java:50)
	at org.billschofield.tictactoe.Game.runNewRound(Game.java:47)
	at org.billschofield.tictactoe.Game.runNewRound(Game.java:47)
	at org.billschofield.tictactoe.Game.start(Game.java:35)
	at org.billschofield.tictactoe.Game.runNewRound(Game.java:50)
	at org.billschofield.tictactoe.Game.runNewRound(Game.java:47)
	at org.billschofield.tictactoe.Game.runNewRound(Game.java:47)
	at org.billschofield.tictactoe.Game.start(Game.java:35)
	at org.billschofield.tictactoe.Game.runNewRound(Game.java:50)
	at org.billschofield.tictactoe.Game.runNewRound(Game.java:47)
	at org.billschofield.tictactoe.Game.runNewRound(Game.java:47)
	at org.billschofield.tictactoe.Game.start(Game.java:35)
	at org.billschofield.tictactoe.Game.runNewRound(Game.java:50)
	at org.billschofield.tictactoe.Game.runNewRound(Game.java:47)
	at org.billschofield.tictactoe.Game.runNewRound(Game.java:47)
	at org.billschofield.tictactoe.Game.start(Game.java:35)
	at org.billschofield.tictactoe.Game.runNewRound(Game.java:50)
	at org.billschofield.tictactoe.Game.runNewRound(Game.java:47)
	at org.billschofield.tictactoe.Game.runNewRound(Game.java:47)
	at org.billschofield.tictactoe.Game.start(Game.java:35)
	at org.billschofield.tictactoe.Game.runNewRound(Game.java:50)
	at org.billschofield.tictactoe.Game.runNewRound(Game.java:47)
	at org.billschofield.tictactoe.Game.runNewRound(Game.java:47)
	at org.billschofield.tictactoe.Game.start(Game.java:35)
	at org.billschofield.tictactoe.Game.runNewRound(Game.java:50)
	at org.billschofield.tictactoe.Game.runNewRound(Game.java:47)
	at org.billschofield.tictactoe.Game.runNewRound(Game.java:47)
	at org.billschofield.tictactoe.Game.start(Game.java:35)
	at org.billschofield.tictactoe.Game.runNewRound(Game.java:50)
	at org.billschofield.tictactoe.Game.runNewRound(Game.java:47)
	at org.billschofield.tictactoe.Game.runNewRound(Game.java:47)
	at org.billschofield.tictactoe.Game.start(Game.java:35)
	at org.billschofield.tictactoe.Game.runNewRound(Game.java:50)
	at org.billschofield.tictactoe.Game.runNewRound(Game.java:47)
	at org.billschofield.tictactoe.Game.runNewRound(Game.java:47)
	at org.billschofield.tictactoe.Game.start(Game.java:35)
	at org.billschofield.tictactoe.Game.runNewRound(Game.java:50)
	at org.billschofield.tictactoe.Game.runNewRound(Game.java:47)
	at org.billschofield.tictactoe.Game.runNewRound(Game.java:47)
	at org.billschofield.tictactoe.Game.start(Game.java:35)
	at org.billschofield.tictactoe.Game.runNewRound(Game.java:50)
	at org.billschofield.tictactoe.Game.runNewRound(Game.java:47)
	at org.billschofield.tictactoe.Game.runNewRound(Game.java:47)
	at org.billschofield.tictactoe.Game.start(Game.java:35)
	at org.billschofield.tictactoe.Game.runNewRound(Game.java:50)
	at org.billschofield.tictactoe.Game.runNewRound(Game.java:47)
	at org.billschofield.tictactoe.Game.runNewRound(Game.java:47)
	at org.billschofield.tictactoe.Game.start(Game.java:35)
	at org.billschofield.tictactoe.Game.runNewRound(Game.java:50)
	at org.billschofield.tictactoe.Game.runNewRound(Game.java:47)
	at org.billschofield.tictactoe.Game.runNewRound(Game.java:47)
	at org.billschofield.tictactoe.Game.start(Game.java:35)
	at org.billschofield.tictactoe.Game.runNewRound(Game.java:50)
	at org.billschofield.tictactoe.Game.runNewRound(Game.java:47)
	at org.billschofield.tictactoe.Game.runNewRound(Game.java:47)
	at org.billschofield.tictactoe.Game.start(Game.java:35)
	at org.billschofield.tictactoe.Game.runNewRound(Game.java:50)
	at org.billschofield.tictactoe.Game.runNewRound(Game.java:47)
	at org.billschofield.tictactoe.Game.runNewRound(Game.java:47)
	at org.billschofield.tictactoe.Game.start(Game.java:35)
	at org.billschofield.tictactoe.Game.runNewRound(Game.java:50)
	at org.billschofield.tictactoe.Game.runNewRound(Game.java:47)
	at org.billschofield.tictactoe.Game.runNewRound(Game.java:47)
	at org.billschofield.tictactoe.Game.start(Game.java:35)
	at org.billschofield.tictactoe.Game.runNewRound(Game.java:50)
	at org.billschofield.tictactoe.Game.runNewRound(Game.java:47)
	at org.billschofield.tictactoe.Game.runNewRound(Game.java:47)
	at org.billschofield.tictactoe.Game.start(Game.java:35)
	at org.billschofield.tictactoe.Game.runNewRound(Game.java:50)
	at org.billschofield.tictactoe.Game.runNewRound(Game.java:47)
	at org.billschofield.tictactoe.Game.runNewRound(Game.java:47)
	at org.billschofield.tictactoe.Game.start(Game.java:35)
	at org.billschofield.tictactoe.Game.runNewRound(Game.java:50)
	at org.billschofield.tictactoe.Game.runNewRound(Game.java:47)
	at org.billschofield.tictactoe.Game.runNewRound(Game.java:47)
	at org.billschofield.tictactoe.Game.start(Game.java:35)
	at org.billschofield.tictactoe.Game.runNewRound(Game.java:50)
	at org.billschofield.tictactoe.Game.runNewRound(Game.java:47)
	at org.billschofield.tictactoe.Game.runNewRound(Game.java:47)
	at org.billschofield.tictactoe.Game.start(Game.java:35)
	at org.billschofield.tictactoe.Game.runNewRound(Game.java:50)
	at org.billschofield.tictactoe.Game.runNewRound(Game.java:47)
	at org.billschofield.tictactoe.Game.runNewRound(Game.java:47)
	at org.billschofield.tictactoe.Game.start(Game.java:35)
	at org.billschofield.tictactoe.Game.runNewRound(Game.java:50)
	at org.billschofield.tictactoe.Game.runNewRound(Game.java:47)
	at org.billschofield.tictactoe.Game.runNewRound(Game.java:47)
	at org.billschofield.tictactoe.Game.start(Game.java:35)
	at org.billschofield.tictactoe.Game.runNewRound(Game.java:50)
	at org.billschofield.tictactoe.Game.runNewRound(Game.java:47)
	at org.billschofield.tictactoe.Game.runNewRound(Game.java:47)
	at org.billschofield.tictactoe.Game.start(Game.java:35)
	at org.billschofield.tictactoe.Game.runNewRound(Game.java:50)
	at org.billschofield.tictactoe.Game.runNewRound(Game.java:47)
	at org.billschofield.tictactoe.Game.runNewRound(Game.java:47)
	at org.billschofield.tictactoe.Game.start(Game.java:35)
	at org.billschofield.tictactoe.Game.runNewRound(Game.java:50)
	at org.billschofield.tictactoe.Game.runNewRound(Game.java:47)
	at org.billschofield.tictactoe.Game.runNewRound(Game.java:47)
	at org.billschofield.tictactoe.Game.start(Game.java:35)
	at org.billschofield.tictactoe.Game.runNewRound(Game.java:50)
	at org.billschofield.tictactoe.Game.runNewRound(Game.java:47)
	at org.billschofield.tictactoe.Game.runNewRound(Game.java:47)
	at org.billschofield.tictactoe.Game.start(Game.java:35)
	at org.billschofield.tictactoe.Game.runNewRound(Game.java:50)
	at org.billschofield.tictactoe.Game.runNewRound(Game.java:47)
	at org.billschofield.tictactoe.Game.runNewRound(Game.java:47)
	at org.billschofield.tictactoe.Game.start(Game.java:35)
	at org.billschofield.tictactoe.Game.runNewRound(Game.java:50)
	at org.billschofield.tictactoe.Game.runNewRound(Game.java:47)
	at org.billschofield.tictactoe.Game.runNewRound(Game.java:47)
	at org.billschofield.tictactoe.Game.start(Game.java:35)
	at org.billschofield.tictactoe.Game.runNewRound(Game.java:50)
	at org.billschofield.tictactoe.Game.runNewRound(Game.java:47)
	at org.billschofield.tictactoe.Game.runNewRound(Game.java:47)
	at org.billschofield.tictactoe.Game.start(Game.java:35)
	at org.billschofield.tictactoe.Game.runNewRound(Game.java:50)
	at org.billschofield.tictactoe.Game.runNewRound(Game.java:47)
	at org.billschofield.tictactoe.Game.runNewRound(Game.java:47)
	at org.billschofield.tictactoe.Game.start(Game.java:35)
	at org.billschofield.tictactoe.Game.runNewRound(Game.java:50)
	at org.billschofield.tictactoe.Game.runNewRound(Game.java:47)
	at org.billschofield.tictactoe.Game.runNewRound(Game.java:47)
	at org.billschofield.tictactoe.Game.start(Game.java:35)
	at org.billschofield.tictactoe.Game.runNewRound(Game.java:50)
	at org.billschofield.tictactoe.Game.runNewRound(Game.java:47)
	at org.billschofield.tictactoe.Game.runNewRound(Game.java:47)
	at org.billschofield.tictactoe.Game.start(Game.java:35)
	at org.billschofield.tictactoe.Game.runNewRound(Game.java:50)
	at org.billschofield.tictactoe.Game.runNewRound(Game.java:47)
	at org.billschofield.tictactoe.Game.runNewRound(Game.java:47)
	at org.billschofield.tictactoe.Game.start(Game.java:35)
	at org.billschofield.tictactoe.Game.runNewRound(Game.java:50)
	at org.billschofield.tictactoe.Game.runNewRound(Game.java:47)
	at org.billschofield.tictactoe.Game.runNewRound(Game.java:47)
	at org.billschofield.tictactoe.Game.start(Game.java:35)
	at org.billschofield.tictactoe.Game.runNewRound(Game.java:50)
	at org.billschofield.tictactoe.Game.runNewRound(Game.java:47)
	at org.billschofield.tictactoe.Game.runNewRound(Game.java:47)
	at org.billschofield.tictactoe.Game.start(Game.java:35)
	at org.billschofield.tictactoe.Game.runNewRound(Game.java:50)
	at org.billschofield.tictactoe.Game.runNewRound(Game.java:47)
	at org.billschofield.tictactoe.Game.runNewRound(Game.java:47)
	at org.billschofield.tictactoe.Game.start(Game.java:35)
	at org.billschofield.tictactoe.Game.runNewRound(Game.java:50)
	at org.billschofield.tictactoe.Game.runNewRound(Game.java:47)
	at org.billschofield.tictactoe.Game.runNewRound(Game.java:47)
	at org.billschofield.tictactoe.Game.start(Game.java:35)
	at org.billschofield.tictactoe.Game.runNewRound(Game.java:50)
	at org.billschofield.tictactoe.Game.runNewRound(Game.java:47)
	at org.billschofield.tictactoe.Game.runNewRound(Game.java:47)
	at org.billschofield.tictactoe.Game.start(Game.java:35)
	at org.billschofield.tictactoe.Game.runNewRound(Game.java:50)
	at org.billschofield.tictactoe.Game.runNewRound(Game.java:47)
	at org.billschofield.tictactoe.Game.runNewRound(Game.java:47)
	at org.billschofield.tictactoe.Game.start(Game.java:35)
	at org.billschofield.tictactoe.Game.runNewRound(Game.java:50)
	at org.billschofield.tictactoe.Game.runNewRound(Game.java:47)
	at org.billschofield.tictactoe.Game.runNewRound(Game.java:47)
	at org.billschofield.tictactoe.Game.start(Game.java:35)
	at org.billschofield.tictactoe.Game.runNewRound(Game.java:50)
	at org.billschofield.tictactoe.Game.runNewRound(Game.java:47)
	at org.billschofield.tictactoe.Game.runNewRound(Game.java:47)
	at org.billschofield.tictactoe.Game.start(Game.java:35)
	at org.billschofield.tictactoe.Game.runNewRound(Game.java:50)
	at org.billschofield.tictactoe.Game.runNewRound(Game.java:47)
	at org.billschofield.tictactoe.Game.runNewRound(Game.java:47)
	at org.billschofield.tictactoe.Game.start(Game.java:35)
	at org.billschofield.tictactoe.Game.runNewRound(Game.java:50)
	at org.billschofield.tictactoe.Game.runNewRound(Game.java:47)
	at org.billschofield.tictactoe.Game.runNewRound(Game.java:47)
	at org.billschofield.tictactoe.Game.start(Game.java:35)
	at org.billschofield.tictactoe.Game.runNewRound(Game.java:50)
	at org.billschofield.tictactoe.Game.runNewRound(Game.java:47)
	at org.billschofield.tictactoe.Game.runNewRound(Game.java:47)
	at org.billschofield.tictactoe.Game.start(Game.java:35)
	at org.billschofield.tictactoe.Game.runNewRound(Game.java:50)
	at org.billschofield.tictactoe.Game.runNewRound(Game.java:47)
	at org.billschofield.tictactoe.Game.runNewRound(Game.java:47)
	at org.billschofield.tictactoe.Game.start(Game.java:35)
	at org.billschofield.tictactoe.Game.runNewRound(Game.java:50)
	at org.billschofield.tictactoe.Game.runNewRound(Game.java:47)
	at org.billschofield.tictactoe.Game.runNewRound(Game.java:47)
	at org.billschofield.tictactoe.Game.start(Game.java:35)
	at org.billschofield.tictactoe.Game.runNewRound(Game.java:50)
	at org.billschofield.tictactoe.Game.runNewRound(Game.java:47)
	at org.billschofield.tictactoe.Game.runNewRound(Game.java:47)
	at org.billschofield.tictactoe.Game.start(Game.java:35)
	at org.billschofield.tictactoe.Game.runNewRound(Game.java:50)
	at org.billschofield.tictactoe.Game.runNewRound(Game.java:47)
	at org.billschofield.tictactoe.Game.runNewRound(Game.java:47)
	at org.billschofield.tictactoe.Game.start(Game.java:35)
	at org.billschofield.tictactoe.Game.runNewRound(Game.java:50)
	at org.billschofield.tictactoe.Game.runNewRound(Game.java:47)
	at org.billschofield.tictactoe.Game.runNewRound(Game.java:47)
	at org.billschofield.tictactoe.Game.start(Game.java:35)
	at org.billschofield.tictactoe.Game.runNewRound(Game.java:50)
	at org.billschofield.tictactoe.Game.runNewRound(Game.java:47)
	at org.billschofield.tictactoe.Game.runNewRound(Game.java:47)
	at org.billschofield.tictactoe.Game.start(Game.java:35)
	at org.billschofield.tictactoe.Game.runNewRound(Game.java:50)
	at org.billschofield.tictactoe.Game.runNewRound(Game.java:47)
	at org.billschofield.tictactoe.Game.runNewRound(Game.java:47)
	at org.billschofield.tictactoe.Game.start(Game.java:35)
	at org.billschofield.tictactoe.Game.runNewRound(Game.java:50)
	at org.billschofield.tictactoe.Game.runNewRound(Game.java:47)
	at org.billschofield.tictactoe.Game.runNewRound(Game.java:47)
	at org.billschofield.tictactoe.Game.start(Game.java:35)
	at org.billschofield.tictactoe.Game.runNewRound(Game.java:50)
	at org.billschofield.tictactoe.Game.runNewRound(Game.java:47)
	at org.billschofield.tictactoe.Game.runNewRound(Game.java:47)
	at org.billschofield.tictactoe.Game.start(Game.java:35)
	at org.billschofield.tictactoe.Game.runNewRound(Game.java:50)
	at org.billschofield.tictactoe.Game.runNewRound(Game.java:47)
	at org.billschofield.tictactoe.Game.runNewRound(Game.java:47)
	at org.billschofield.tictactoe.Game.start(Game.java:35)
	at org.billschofield.tictactoe.Game.runNewRound(Game.java:50)
	at org.billschofield.tictactoe.Game.runNewRound(Game.java:47)
	at org.billschofield.tictactoe.Game.runNewRound(Game.java:47)
	at org.billschofield.tictactoe.Game.start(Game.java:35)
	at org.billschofield.tictactoe.Game.runNewRound(Game.java:50)
	at org.billschofield.tictactoe.Game.runNewRound(Game.java:47)
	at org.billschofield.tictactoe.Game.runNewRound(Game.java:47)
	at org.billschofield.tictactoe.Game.start(Game.java:35)
	at org.billschofield.tictactoe.Game.runNewRound(Game.java:50)
	at org.billschofield.tictactoe.Game.runNewRound(Game.java:47)
	at org.billschofield.tictactoe.Game.runNewRound(Game.java:47)
	at org.billschofield.tictactoe.Game.start(Game.java:35)
	at org.billschofield.tictactoe.Game.runNewRound(Game.java:50)
	at org.billschofield.tictactoe.Game.runNewRound(Game.java:47)
	at org.billschofield.tictactoe.Game.runNewRound(Game.java:47)
	at org.billschofield.tictactoe.Game.start(Game.java:35)
	at org.billschofield.tictactoe.Game.runNewRound(Game.java:50)
	at org.billschofield.tictactoe.Game.runNewRound(Game.java:47)
	at org.billschofield.tictactoe.Game.runNewRound(Game.java:47)
	at org.billschofield.tictactoe.Game.start(Game.java:35)
	at org.billschofield.tictactoe.Game.runNewRound(Game.java:50)
	at org.billschofield.tictactoe.Game.runNewRound(Game.java:47)
	at org.billschofield.tictactoe.Game.runNewRound(Game.java:47)
	at org.billschofield.tictactoe.Game.start(Game.java:35)
	at org.billschofield.tictactoe.Game.runNewRound(Game.java:50)
	at org.billschofield.tictactoe.Game.runNewRound(Game.java:47)
	at org.billschofield.tictactoe.Game.runNewRound(Game.java:47)
	at org.billschofield.tictactoe.Game.start(Game.java:35)
	at org.billschofield.tictactoe.Game.runNewRound(Game.java:50)
	at org.billschofield.tictactoe.Game.runNewRound(Game.java:47)
	at org.billschofield.tictactoe.Game.runNewRound(Game.java:47)
	at org.billschofield.tictactoe.Game.start(Game.java:35)
	at org.billschofield.tictactoe.Game.runNewRound(Game.java:50)
	at org.billschofield.tictactoe.Game.runNewRound(Game.java:47)
	at org.billschofield.tictactoe.Game.runNewRound(Game.java:47)
	at org.billschofield.tictactoe.Game.start(Game.java:35)
	at org.billschofield.tictactoe.Game.runNewRound(Game.java:50)
	at org.billschofield.tictactoe.Game.runNewRound(Game.java:47)
	at org.billschofield.tictactoe.Game.runNewRound(Game.java:47)
	at org.billschofield.tictactoe.Game.start(Game.java:35)
	at org.billschofield.tictactoe.Game.runNewRound(Game.java:50)
	at org.billschofield.tictactoe.Game.runNewRound(Game.java:47)
	at org.billschofield.tictactoe.Game.runNewRound(Game.java:47)
	at org.billschofield.tictactoe.Game.start(Game.java:35)
	at org.billschofield.tictactoe.Game.runNewRound(Game.java:50)
	at org.billschofield.tictactoe.Game.runNewRound(Game.java:47)
	at org.billschofield.tictactoe.Game.runNewRound(Game.java:47)
	at org.billschofield.tictactoe.Game.start(Game.java:35)
	at org.billschofield.tictactoe.Game.runNewRound(Game.java:50)
	at org.billschofield.tictactoe.Game.runNewRound(Game.java:47)
	at org.billschofield.tictactoe.Game.runNewRound(Game.java:47)
	at org.billschofield.tictactoe.Game.start(Game.java:35)
	at org.billschofield.tictactoe.Game.runNewRound(Game.java:50)
	at org.billschofield.tictactoe.Game.runNewRound(Game.java:47)
	at org.billschofield.tictactoe.Game.runNewRound(Game.java:47)
	at org.billschofield.tictactoe.Game.start(Game.java:35)
	at org.billschofield.tictactoe.Game.runNewRound(Game.java:50)
	at org.billschofield.tictactoe.Game.runNewRound(Game.java:47)
	at org.billschofield.tictactoe.Game.runNewRound(Game.java:47)
	at org.billschofield.tictactoe.Game.start(Game.java:35)
	at org.billschofield.tictactoe.Game.runNewRound(Game.java:50)
	at org.billschofield.tictactoe.Game.runNewRound(Game.java:47)
	at org.billschofield.tictactoe.Game.runNewRound(Game.java:47)
	at org.billschofield.tictactoe.Game.start(Game.java:35)
	at org.billschofield.tictactoe.Game.runNewRound(Game.java:50)
	at org.billschofield.tictactoe.Game.runNewRound(Game.java:47)
	at org.billschofield.tictactoe.Game.runNewRound(Game.java:47)
	at org.billschofield.tictactoe.Game.start(Game.java:35)
	at org.billschofield.tictactoe.Game.runNewRound(Game.java:50)
	at org.billschofield.tictactoe.Game.runNewRound(Game.java:47)
	at org.billschofield.tictactoe.Game.runNewRound(Game.java:47)
	at org.billschofield.tictactoe.Game.start(Game.java:35)
	at org.billschofield.tictactoe.Game.runNewRound(Game.java:50)
	at org.billschofield.tictactoe.Game.runNewRound(Game.java:47)
	at org.billschofield.tictactoe.Game.runNewRound(Game.java:47)
	at org.billschofield.tictactoe.Game.start(Game.java:35)
	at org.billschofield.tictactoe.Game.runNewRound(Game.java:50)
	at org.billschofield.tictactoe.Game.runNewRound(Game.java:47)
	at org.billschofield.tictactoe.Game.runNewRound(Game.java:47)
	at org.billschofield.tictactoe.Game.start(Game.java:35)
	at org.billschofield.tictactoe.Game.runNewRound(Game.java:50)
	at org.billschofield.tictactoe.Game.runNewRound(Game.java:47)
	at org.billschofield.tictactoe.Game.runNewRound(Game.java:47)
	at org.billschofield.tictactoe.Game.start(Game.java:35)
	at org.billschofield.tictactoe.Game.runNewRound(Game.java:50)
	at org.billschofield.tictactoe.Game.runNewRound(Game.java:47)
	at org.billschofield.tictactoe.Game.runNewRound(Game.java:47)
	at org.billschofield.tictactoe.Game.start(Game.java:35)
	at org.billschofield.tictactoe.Game.runNewRound(Game.java:50)
	at org.billschofield.tictactoe.Game.runNewRound(Game.java:47)
	at org.billschofield.tictactoe.Game.runNewRound(Game.java:47)
	at org.billschofield.tictactoe.Game.start(Game.java:35)
	at org.billschofield.tictactoe.Game.runNewRound(Game.java:50)
	at org.billschofield.tictactoe.Game.runNewRound(Game.java:47)
	at org.billschofield.tictactoe.Game.runNewRound(Game.java:47)
	at org.billschofield.tictactoe.Game.start(Game.java:35)
	at org.billschofield.tictactoe.Game.runNewRound(Game.java:50)
	at org.billschofield.tictactoe.Game.runNewRound(Game.java:47)
	at org.billschofield.tictactoe.Game.runNewRound(Game.java:47)
	at org.billschofield.tictactoe.Game.start(Game.java:35)
	at org.billschofield.tictactoe.Game.runNewRound(Game.java:50)
	at org.billschofield.tictactoe.Game.runNewRound(Game.java:47)
	at org.billschofield.tictactoe.Game.runNewRound(Game.java:47)
	at org.billschofield.tictactoe.Game.start(Game.java:35)
	at org.billschofield.tictactoe.Game.runNewRound(Game.java:50)
	at org.billschofield.tictactoe.Game.runNewRound(Game.java:47)
	at org.billschofield.tictactoe.Game.runNewRound(Game.java:47)
	at org.billschofield.tictactoe.Game.start(Game.java:35)
	at org.billschofield.tictactoe.Game.runNewRound(Game.java:50)
	at org.billschofield.tictactoe.Game.runNewRound(Game.java:47)
	at org.billschofield.tictactoe.Game.runNewRound(Game.java:47)
	at org.billschofield.tictactoe.Game.start(Game.java:35)
	at org.billschofield.tictactoe.Game.runNewRound(Game.java:50)
	at org.billschofield.tictactoe.Game.runNewRound(Game.java:47)
	at org.billschofield.tictactoe.Game.runNewRound(Game.java:47)
	at org.billschofield.tictactoe.Game.start(Game.java:35)
	at org.billschofield.tictactoe.Game.runNewRound(Game.java:50)
	at org.billschofield.tictactoe.Game.runNewRound(Game.java:47)
	at org.billschofield.tictactoe.Game.runNewRound(Game.java:47)
	at org.billschofield.tictactoe.Game.start(Game.java:35)
	at org.billschofield.tictactoe.Game.runNewRound(Game.java:50)
	at org.billschofield.tictactoe.Game.runNewRound(Game.java:47)
	at org.billschofield.tictactoe.Game.runNewRound(Game.java:47)
	at org.billschofield.tictactoe.Game.start(Game.java:35)
	at org.billschofield.tictactoe.Game.runNewRound(Game.java:50)
	at org.billschofield.tictactoe.Game.runNewRound(Game.java:47)
	at org.billschofield.tictactoe.Game.runNewRound(Game.java:47)
	at org.billschofield.tictactoe.Game.start(Game.java:35)
	at org.billschofield.tictactoe.Game.runNewRound(Game.java:50)
	at org.billschofield.tictactoe.Game.runNewRound(Game.java:47)
	at org.billschofield.tictactoe.Game.runNewRound(Game.java:47)
	at org.billschofield.tictactoe.Game.start(Game.java:35)
	at org.billschofield.tictactoe.Game.runNewRound(Game.java:50)
	at org.billschofield.tictactoe.Game.runNewRound(Game.java:47)
	at org.billschofield.tictactoe.Game.runNewRound(Game.java:47)
	at org.billschofield.tictactoe.Game.start(Game.java:35)
	at org.billschofield.tictactoe.Game.runNewRound(Game.java:50)
	at org.billschofield.tictactoe.Game.runNewRound(Game.java:47)
	at org.billschofield.tictactoe.Game.runNewRound(Game.java:47)
	at org.billschofield.tictactoe.Game.start(Game.java:35)
	at org.billschofield.tictactoe.Game.runNewRound(Game.java:50)
	at org.billschofield.tictactoe.Game.runNewRound(Game.java:47)
	at org.billschofield.tictactoe.Game.runNewRound(Game.java:47)
	at org.billschofield.tictactoe.Game.start(Game.java:35)
	at org.billschofield.tictactoe.Game.runNewRound(Game.java:50)
	at org.billschofield.tictactoe.Game.runNewRound(Game.java:47)
	at org.billschofield.tictactoe.Game.runNewRound(Game.java:47)
	at org.billschofield.tictactoe.Game.start(Game.java:35)
	at org.billschofield.tictactoe.Game.runNewRound(Game.java:50)
	at org.billschofield.tictactoe.Game.runNewRound(Game.java:47)
	at org.billschofield.tictactoe.Game.runNewRound(Game.java:47)
	at org.billschofield.tictactoe.Game.start(Game.java:35)
	at org.billschofield.tictactoe.Game.runNewRound(Game.java:50)
	at org.billschofield.tictactoe.Game.runNewRound(Game.java:47)
	at org.billschofield.tictactoe.Game.runNewRound(Game.java:47)
	at org.billschofield.tictactoe.Game.start(Game.java:35)
	at org.billschofield.tictactoe.Game.runNewRound(Game.java:50)
	at org.billschofield.tictactoe.Game.runNewRound(Game.java:47)
	at org.billschofield.tictactoe.Game.runNewRound(Game.java:47)
	at org.billschofield.tictactoe.Game.start(Game.java:35)
	at org.billschofield.tictactoe.Game.runNewRound(Game.java:50)
	at org.billschofield.tictactoe.Game.runNewRound(Game.java:47)
	at org.billschofield.tictactoe.Game.runNewRound(Game.java:47)
	at org.billschofield.tictactoe.Game.start(Game.java:35)
	at org.billschofield.tictactoe.Game.runNewRound(Game.java:50)
	at org.billschofield.tictactoe.Game.runNewRound(Game.java:47)
	at org.billschofield.tictactoe.Game.runNewRound(Game.java:47)
	at org.billschofield.tictactoe.Game.start(Game.java:35)
	at org.billschofield.tictactoe.Game.runNewRound(Game.java:50)
	at org.billschofield.tictactoe.Game.runNewRound(Game.java:47)
	at org.billschofield.tictactoe.Game.runNewRound(Game.java:47)
	at org.billschofield.tictactoe.Game.start(Game.java:35)
	at org.billschofield.tictactoe.Game.runNewRound(Game.java:50)
	at org.billschofield.tictactoe.Game.runNewRound(Game.java:47)
	at org.billschofield.tictactoe.Game.runNewRound(Game.java:47)
	at org.billschofield.tictactoe.Game.start(Game.java:35)
	at org.billschofield.tictactoe.Game.runNewRound(Game.java:50)
	at org.billschofield.tictactoe.Game.runNewRound(Game.java:47)
	at org.billschofield.tictactoe.Game.runNewRound(Game.java:47)
	at org.billschofield.tictactoe.Game.start(Game.java:35)
	at org.billschofield.tictactoe.Game.runNewRound(Game.java:50)
	at org.billschofield.tictactoe.Game.runNewRound(Game.java:47)
	at org.billschofield.tictactoe.Game.runNewRound(Game.java:47)
	at org.billschofield.tictactoe.Game.start(Game.java:35)
	at org.billschofield.tictactoe.Game.runNewRound(Game.java:50)
	at org.billschofield.tictactoe.Game.runNewRound(Game.java:47)
	at org.billschofield.tictactoe.Game.runNewRound(Game.java:47)
	at org.billschofield.tictactoe.Game.start(Game.java:35)
	at org.billschofield.tictactoe.Game.runNewRound(Game.java:50)
	at org.billschofield.tictactoe.Game.runNewRound(Game.java:47)
	at org.billschofield.tictactoe.Game.runNewRound(Game.java:47)
	at org.billschofield.tictactoe.Game.start(Game.java:35)
	at org.billschofield.tictactoe.Game.runNewRound(Game.java:50)
	at org.billschofield.tictactoe.Game.runNewRound(Game.java:47)
	at org.billschofield.tictactoe.Game.runNewRound(Game.java:47)
	at org.billschofield.tictactoe.Game.start(Game.java:35)
	at org.billschofield.tictactoe.Game.runNewRound(Game.java:50)
	at org.billschofield.tictactoe.Game.runNewRound(Game.java:47)
	at org.billschofield.tictactoe.Game.runNewRound(Game.java:47)
	at org.billschofield.tictactoe.Game.start(Game.java:35)
	at org.billschofield.tictactoe.Game.runNewRound(Game.java:50)
	at org.billschofield.tictactoe.Game.runNewRound(Game.java:47)
	at org.billschofield.tictactoe.Game.runNewRound(Game.java:47)
	at org.billschofield.tictactoe.Game.start(Game.java:35)
	at org.billschofield.tictactoe.Game.runNewRound(Game.java:50)
	at org.billschofield.tictactoe.Game.runNewRound(Game.java:47)
	at org.billschofield.tictactoe.Game.runNewRound(Game.java:47)
	at org.billschofield.tictactoe.Game.start(Game.java:35)
	at org.billschofield.tictactoe.Game.runNewRound(Game.java:50)
	at org.billschofield.tictactoe.Game.runNewRound(Game.java:47)
	at org.billschofield.tictactoe.Game.runNewRound(Game.java:47)
	at org.billschofield.tictactoe.Game.start(Game.java:35)
	at org.billschofield.tictactoe.Game.runNewRound(Game.java:50)
	at org.billschofield.tictactoe.Game.runNewRound(Game.java:47)
	at org.billschofield.tictactoe.Game.runNewRound(Game.java:47)
	at org.billschofield.tictactoe.Game.start(Game.java:35)
	at org.billschofield.tictactoe.Game.runNewRound(Game.java:50)
	at org.billschofield.tictactoe.Game.runNewRound(Game.java:47)
	at org.billschofield.tictactoe.Game.runNewRound(Game.java:47)
	at org.billschofield.tictactoe.Game.start(Game.java:35)
	at org.billschofield.tictactoe.Game.runNewRound(Game.java:50)
	at org.billschofield.tictactoe.Game.runNewRound(Game.java:47)
	at org.billschofield.tictactoe.Game.runNewRound(Game.java:47)
	at org.billschofield.tictactoe.Game.start(Game.java:35)
	at org.billschofield.tictactoe.Game.runNewRound(Game.java:50)
	at org.billschofield.tictactoe.Game.runNewRound(Game.java:47)
	at org.billschofield.tictactoe.Game.runNewRound(Game.java:47)
	at org.billschofield.tictactoe.Game.start(Game.java:35)
	at org.billschofield.tictactoe.Game.runNewRound(Game.java:50)
	at org.billschofield.tictactoe.Game.runNewRound(Game.java:47)
	at org.billschofield.tictactoe.Game.runNewRound(Game.java:47)
	at org.billschofield.tictactoe.Game.start(Game.java:35)
	at org.billschofield.tictactoe.Game.runNewRound(Game.java:50)
	at org.billschofield.tictactoe.Game.runNewRound(Game.java:47)
	at org.billschofield.tictactoe.Game.runNewRound(Game.java:47)
	at org.billschofield.tictactoe.Game.start(Game.java:35)
	at org.billschofield.tictactoe.Game.runNewRound(Game.java:50)
	at org.billschofield.tictactoe.Game.runNewRound(Game.java:47)
	at org.billschofield.tictactoe.Game.runNewRound(Game.java:47)
	at org.billschofield.tictactoe.Game.start(Game.java:35)
	at org.billschofield.tictactoe.Game.runNewRound(Game.java:50)
	at org.billschofield.tictactoe.Game.runNewRound(Game.java:47)
	at org.billschofield.tictactoe.Game.runNewRound(Game.java:47)
	at org.billschofield.tictactoe.Game.start(Game.java:35)
	at org.billschofield.tictactoe.Game.runNewRound(Game.java:50)
	at org.billschofield.tictactoe.Game.runNewRound(Game.java:47)
	at org.billschofield.tictactoe.Game.runNewRound(Game.java:47)
	at org.billschofield.tictactoe.Game.start(Game.java:35)
	at org.billschofield.tictactoe.Game.runNewRound(Game.java:50)
	at org.billschofield.tictactoe.Game.runNewRound(Game.java:47)
	at org.billschofield.tictactoe.Game.runNewRound(Game.java:47)
	at org.billschofield.tictactoe.Game.start(Game.java:35)
	at org.billschofield.tictactoe.Game.runNewRound(Game.java:50)
	at org.billschofield.tictactoe.Game.runNewRound(Game.java:47)
	at org.billschofield.tictactoe.Game.runNewRound(Game.java:47)
	at org.billschofield.tictactoe.Game.start(Game.java:35)
	at org.billschofield.tictactoe.Game.runNewRound(Game.java:50)
	at org.billschofield.tictactoe.Game.runNewRound(Game.java:47)
	at org.billschofield.tictactoe.Game.runNewRound(Game.java:47)
	at org.billschofield.tictactoe.Game.start(Game.java:35)
	at org.billschofield.tictactoe.Game.runNewRound(Game.java:50)
	at org.billschofield.tictactoe.Game.runNewRound(Game.java:47)
	at org.billschofield.tictactoe.Game.runNewRound(Game.java:47)
	at org.billschofield.tictactoe.Game.start(Game.java:35)
	at org.billschofield.tictactoe.Game.runNewRound(Game.java:50)
	at org.billschofield.tictactoe.Game.runNewRound(Game.java:47)
	at org.billschofield.tictactoe.Game.runNewRound(Game.java:47)
	at org.billschofield.tictactoe.Game.start(Game.java:35)
	at org.billschofield.tictactoe.Game.runNewRound(Game.java:50)
	at org.billschofield.tictactoe.Game.runNewRound(Game.java:47)
	at org.billschofield.tictactoe.Game.runNewRound(Game.java:47)
	at org.billschofield.tictactoe.Game.start(Game.java:35)
	at org.billschofield.tictactoe.Game.runNewRound(Game.java:50)
	at org.billschofield.tictactoe.Game.runNewRound(Game.java:47)
	at org.billschofield.tictactoe.Game.runNewRound(Game.java:47)
	at org.billschofield.tictactoe.Game.start(Game.java:35)
	at org.billschofield.tictactoe.Game.runNewRound(Game.java:50)
	at org.billschofield.tictactoe.Game.runNewRound(Game.java:47)
	at org.billschofield.tictactoe.Game.runNewRound(Game.java:47)
	at org.billschofield.tictactoe.Game.start(Game.java:35)
	at org.billschofield.tictactoe.Game.runNewRound(Game.java:50)
	at org.billschofield.tictactoe.Game.runNewRound(Game.java:47)
	at org.billschofield.tictactoe.Game.runNewRound(Game.java:47)
	at org.billschofield.tictactoe.Game.start(Game.java:35)
	at org.billschofield.tictactoe.Game.runNewRound(Game.java:50)
	at org.billschofield.tictactoe.Game.runNewRound(Game.java:47)
	at org.billschofield.tictactoe.Game.runNewRound(Game.java:47)
	at org.billschofield.tictactoe.Game.start(Game.java:35)
	at org.billschofield.tictactoe.Game.runNewRound(Game.java:50)
	at org.billschofield.tictactoe.Game.runNewRound(Game.java:47)
	at org.billschofield.tictactoe.Game.runNewRound(Game.java:47)
	at org.billschofield.tictactoe.Game.start(Game.java:35)
	at org.billschofield.tictactoe.Game.runNewRound(Game.java:50)
	at org.billschofield.tictactoe.Game.runNewRound(Game.java:47)
	at org.billschofield.tictactoe.Game.runNewRound(Game.java:47)
	at org.billschofield.tictactoe.Game.start(Game.java:35)
	at org.billschofield.tictactoe.Game.runNewRound(Game.java:50)
	at org.billschofield.tictactoe.Game.runNewRound(Game.java:47)
	at org.billschofield.tictactoe.Game.runNewRound(Game.java:47)
	at org.billschofield.tictactoe.Game.start(Game.java:35)
	at org.billschofield.tictactoe.Game.runNewRound(Game.java:50)
	at org.billschofield.tictactoe.Game.runNewRound(Game.java:47)
	at org.billschofield.tictactoe.Game.runNewRound(Game.java:47)
	at org.billschofield.tictactoe.Game.start(Game.java:35)
	at org.billschofield.tictactoe.Game.runNewRound(Game.java:50)
	at org.billschofield.tictactoe.Game.runNewRound(Game.java:47)
	at org.billschofield.tictactoe.Game.runNewRound(Game.java:47)
	at org.billschofield.tictactoe.Game.start(Game.java:35)
	at org.billschofield.tictactoe.Game.runNewRound(Game.java:50)
	at org.billschofield.tictactoe.Game.runNewRound(Game.java:47)
	at org.billschofield.tictactoe.Game.runNewRound(Game.java:47)
	at org.billschofield.tictactoe.Game.start(Game.java:35)
	at org.billschofield.tictactoe.Game.runNewRound(Game.java:50)
	at org.billschofield.tictactoe.Game.runNewRound(Game.java:47)
	at org.billschofield.tictactoe.Game.runNewRound(Game.java:47)
	at org.billschofield.tictactoe.Game.start(Game.java:35)
	at org.billschofield.tictactoe.Game.runNewRound(Game.java:50)
	at org.billschofield.tictactoe.Game.runNewRound(Game.java:47)
	at org.billschofield.tictactoe.Game.runNewRound(Game.java:47)
	at org.billschofield.tictactoe.Game.start(Game.java:35)
	at org.billschofield.tictactoe.Game.runNewRound(Game.java:50)
	at org.billschofield.tictactoe.Game.runNewRound(Game.java:47)
	at org.billschofield.tictactoe.Game.runNewRound(Game.java:47)
	at org.billschofield.tictactoe.Game.start(Game.java:35)
	at org.billschofield.tictactoe.Game.runNewRound(Game.java:50)
	at org.billschofield.tictactoe.Game.runNewRound(Game.java:47)
	at org.billschofield.tictactoe.Game.runNewRound(Game.java:47)
	at org.billschofield.tictactoe.Game.start(Game.java:35)
	at org.billschofield.tictactoe.Game.runNewRound(Game.java:50)
	at org.billschofield.tictactoe.Game.runNewRound(Game.java:47)
	at org.billschofield.tictactoe.Game.runNewRound(Game.java:47)
	at org.billschofield.tictactoe.Game.start(Game.java:35)
	at org.billschofield.tictactoe.Game.runNewRound(Game.java:50)
	at org.billschofield.tictactoe.Game.runNewRound(Game.java:47)
	at org.billschofield.tictactoe.Game.runNewRound(Game.java:47)
	at org.billschofield.tictactoe.Game.start(Game.java:35)
	at org.billschofield.tictactoe.Game.runNewRound(Game.java:50)
	at org.billschofield.tictactoe.Game.runNewRound(Game.java:47)
	at org.billschofield.tictactoe.Game.runNewRound(Game.java:47)
	at org.billschofield.tictactoe.Game.start(Game.java:35)
	at org.billschofield.tictactoe.Game.runNewRound(Game.java:50)
	at org.billschofield.tictactoe.Game.runNewRound(Game.java:47)
	at org.billschofield.tictactoe.Game.runNewRound(Game.java:47)
	at org.billschofield.tictactoe.Game.start(Game.java:35)
	at org.billschofield.tictactoe.Game.runNewRound(Game.java:50)
	at org.billschofield.tictactoe.Game.runNewRound(Game.java:47)
	at org.billschofield.tictactoe.Game.runNewRound(Game.java:47)
	at org.billschofield.tictactoe.Game.start(Game.java:35)
	at org.billschofield.tictactoe.Game.runNewRound(Game.java:50)
	at org.billschofield.tictactoe.Game.runNewRound(Game.java:47)
	at org.billschofield.tictactoe.Game.runNewRound(Game.java:47)
	at org.billschofield.tictactoe.Game.start(Game.java:35)
	at org.billschofield.tictactoe.Game.runNewRound(Game.java:50)
	at org.billschofield.tictactoe.Game.runNewRound(Game.java:47)
	at org.billschofield.tictactoe.Game.runNewRound(Game.java:47)
	at org.billschofield.tictactoe.Game.start(Game.java:35)
	at org.billschofield.tictactoe.Game.runNewRound(Game.java:50)
	at org.billschofield.tictactoe.Game.runNewRound(Game.java:47)
	at org.billschofield.tictactoe.Game.runNewRound(Game.java:47)
	at org.billschofield.tictactoe.Game.start(Game.java:35)
	at org.billschofield.tictactoe.Game.runNewRound(Game.java:50)
	at org.billschofield.tictactoe.Game.runNewRound(Game.java:47)
	at org.billschofield.tictactoe.Game.runNewRound(Game.java:47)
	at org.billschofield.tictactoe.Game.start(Game.java:35)
	at org.billschofield.tictactoe.Game.runNewRound(Game.java:50)
	at org.billschofield.tictactoe.Game.runNewRound(Game.java:47)
	at org.billschofield.tictactoe.Game.runNewRound(Game.java:47)
	at org.billschofield.tictactoe.Game.start(Game.java:35)
	at org.billschofield.tictactoe.Game.runNewRound(Game.java:50)
	at org.billschofield.tictactoe.Game.runNewRound(Game.java:47)
	at org.billschofield.tictactoe.Game.runNewRound(Game.java:47)
	at org.billschofield.tictactoe.Game.start(Game.java:35)
	at org.billschofield.tictactoe.Game.runNewRound(Game.java:50)
	at org.billschofield.tictactoe.Game.runNewRound(Game.java:47)
	at org.billschofield.tictactoe.Game.runNewRound(Game.java:47)
	at org.billschofield.tictactoe.Game.start(Game.java:35)
	at org.billschofield.tictactoe.Game.runNewRound(Game.java:50)
	at org.billschofield.tictactoe.Game.runNewRound(Game.java:47)
	at org.billschofield.tictactoe.Game.runNewRound(Game.java:47)
	at org.billschofield.tictactoe.Game.start(Game.java:35)
	at org.billschofield.tictactoe.Game.runNewRound(Game.java:50)
	at org.billschofield.tictactoe.Game.runNewRound(Game.java:47)
	at org.billschofield.tictactoe.Game.runNewRound(Game.java:47)
	at org.billschofield.tictactoe.Game.start(Game.java:35)
	at org.billschofield.tictactoe.Game.runNewRound(Game.java:50)
	at org.billschofield.tictactoe.Game.runNewRound(Game.java:47)
	at org.billschofield.tictactoe.Game.runNewRound(Game.java:47)
	at org.billschofield.tictactoe.Game.start(Game.java:35)
	at org.billschofield.tictactoe.Game.runNewRound(Game.java:50)
	at org.billschofield.tictactoe.Game.runNewRound(Game.java:47)
	at org.billschofield.tictactoe.Game.runNewRound(Game.java:47)
	at org.billschofield.tictactoe.Game.start(Game.java:35)
	at org.billschofield.tictactoe.Game.runNewRound(Game.java:50)
	at org.billschofield.tictactoe.Game.runNewRound(Game.java:47)
	at org.billschofield.tictactoe.Game.runNewRound(Game.java:47)
	at org.billschofield.tictactoe.Game.start(Game.java:35)
	at org.billschofield.tictactoe.Game.runNewRound(Game.java:50)
	at org.billschofield.tictactoe.Game.runNewRound(Game.java:47)
	at org.billschofield.tictactoe.Game.runNewRound(Game.java:47)
	at org.billschofield.tictactoe.Game.start(Game.java:35)
	at org.billschofield.tictactoe.Game.runNewRound(Game.java:50)
	at org.billschofield.tictactoe.Game.runNewRound(Game.java:47)
	at org.billschofield.tictactoe.Game.runNewRound(Game.java:47)
	at org.billschofield.tictactoe.Game.start(Game.java:35)
	at org.billschofield.tictactoe.Game.runNewRound(Game.java:50)
	at org.billschofield.tictactoe.Game.runNewRound(Game.java:47)
	at org.billschofield.tictactoe.Game.runNewRound(Game.java:47)
	at org.billschofield.tictactoe.Game.start(Game.java:35)
	at org.billschofield.tictactoe.Game.runNewRound(Game.java:50)
	at org.billschofield.tictactoe.Game.runNewRound(Game.java:47)
	at org.billschofield.tictactoe.Game.runNewRound(Game.java:47)
	at org.billschofield.tictactoe.Game.start(Game.java:35)
	at org.billschofield.tictactoe.Game.runNewRound(Game.java:50)
	at org.billschofield.tictactoe.Game.runNewRound(Game.java:47)
	at org.billschofield.tictactoe.Game.runNewRound(Game.java:47)
	at org.billschofield.tictactoe.Game.start(Game.java:35)
	at org.billschofield.tictactoe.Game.runNewRound(Game.java:50)
	at org.billschofield.tictactoe.Game.runNewRound(Game.java:47)
	at org.billschofield.tictactoe.Game.runNewRound(Game.java:47)
	at org.billschofield.tictactoe.Game.start(Game.java:35)
	at org.billschofield.tictactoe.Game.runNewRound(Game.java:50)
	at org.billschofield.tictactoe.Game.runNewRound(Game.java:47)
	at org.billschofield.tictactoe.Game.runNewRound(Game.java:47)
	at org.billschofield.tictactoe.Game.start(Game.java:35)
	at org.billschofield.tictactoe.Game.runNewRound(Game.java:50)
	at org.billschofield.tictactoe.Game.runNewRound(Game.java:47)
	at org.billschofield.tictactoe.Game.runNewRound(Game.java:47)
	at org.billschofield.tictactoe.Game.start(Game.java:35)
	at org.billschofield.tictactoe.Game.runNewRound(Game.java:50)
	at org.billschofield.tictactoe.Game.runNewRound(Game.java:47)
	at org.billschofield.tictactoe.Game.runNewRound(Game.java:47)
	at org.billschofield.tictactoe.Game.start(Game.java:35)
</failure>
  </testcase>
  <system-out><![CDATA[You have entered a duplicate, try again
[1]
You have entered a duplicate, try again
[1]
You have entered a duplicate, try again
[1]
You have entered a duplicate, try again
[1]
You have entered a duplicate, try again
[1]
You have entered a duplicate, try again
[1]
You have entered a duplicate, try again
[1]
You have entered a duplicate, try again
[1]
You have entered a duplicate, try again
[1]
You have entered a duplicate, try again
[1]
You have entered a duplicate, try again
[1]
You have entered a duplicate, try again
[1]
You have entered a duplicate, try again
[1]
You have entered a duplicate, try again
[1]
You have entered a duplicate, try again
[1]
You have entered a duplicate, try again
[1]
You have entered a duplicate, try again
[1]
You have entered a duplicate, try again
[1]
You have entered a duplicate, try again
[1]
You have entered a duplicate, try again
[1]
You have entered a duplicate, try again
[1]
You have entered a duplicate, try again
[1]
You have entered a duplicate, try again
[1]
You have entered a duplicate, try again
[1]
You have entered a duplicate, try again
[1]
You have entered a duplicate, try again
[1]
You have entered a duplicate, try again
[1]
You have entered a duplicate, try again
[1]
You have entered a duplicate, try again
[1]
You have entered a duplicate, try again
[1]
You have entered a duplicate, try again
[1]
You have entered a duplicate, try again
[1]
You have entered a duplicate, try again
[1]
You have entered a duplicate, try again
[1]
You have entered a duplicate, try again
[1]
You have entered a duplicate, try again
[1]
You have entered a duplicate, try again
[1]
You have entered a duplicate, try again
[1]
You have entered a duplicate, try again
[1]
You have entered a duplicate, try again
[1]
You have entered a duplicate, try again
[1]
You have entered a duplicate, try again
[1]
You have entered a duplicate, try again
[1]
You have entered a duplicate, try again
[1]
You have entered a duplicate, try again
[1]
You have entered a duplicate, try again
[1]
You have entered a duplicate, try again
[1]
You have entered a duplicate, try again
[1]
You have entered a duplicate, try again
[1]
You have entered a duplicate, try again
[1]
You have entered a duplicate, try again
[1]
You have entered a duplicate, try again
[1]
You have entered a duplicate, try again
[1]
You have entered a duplicate, try again
[1]
You have entered a duplicate, try again
[1]
You have entered a duplicate, try again
[1]
You have entered a duplicate, try again
[1]
You have entered a duplicate, try again
[1]
You have entered a duplicate, try again
[1]
You have entered a duplicate, try again
[1]
You have entered a duplicate, try again
[1]
You have entered a duplicate, try again
[1]
You have entered a duplicate, try again
[1]
You have entered a duplicate, try again
[1]
You have entered a duplicate, try again
[1]
You have entered a duplicate, try again
[1]
You have entered a duplicate, try again
[1]
You have entered a duplicate, try again
[1]
You have entered a duplicate, try again
[1]
You have entered a duplicate, try again
[1]
You have entered a duplicate, try again
[1]
You have entered a duplicate, try again
[1]
You have entered a duplicate, try again
[1]
You have entered a duplicate, try again
[1]
You have entered a duplicate, try again
[1]
You have entered a duplicate, try again
[1]
You have entered a duplicate, try again
[1]
You have entered a duplicate, try again
[1]
You have entered a duplicate, try again
[1]
You have entered a duplicate, try again
[1]
You have entered a duplicate, try again
[1]
You have entered a duplicate, try again
[1]
You have entered a duplicate, try again
[1]
You have entered a duplicate, try again
[1]
You have entered a duplicate, try again
[1]
You have entered a duplicate, try again
[1]
You have entered a duplicate, try again
[1]
You have entered a duplicate, try again
[1]
You have entered a duplicate, try again
[1]
You have entered a duplicate, try again
[1]
You have entered a duplicate, try again
[1]
You have entered a duplicate, try again
[1]
You have entered a duplicate, try again
[1]
You have entered a duplicate, try again
[1]
You have entered a duplicate, try again
[1]
You have entered a duplicate, try again
[1]
You have entered a duplicate, try again
[1]
You have entered a duplicate, try again
[1]
You have entered a duplicate, try again
[1]
You have entered a duplicate, try again
[1]
You have entered a duplicate, try again
[1]
You have entered a duplicate, try again
[1]
You have entered a duplicate, try again
[1]
You have entered a duplicate, try again
[1]
You have entered a duplicate, try again
[1]
You have entered a duplicate, try again
[1]
You have entered a duplicate, try again
[1]
You have entered a duplicate, try again
[1]
You have entered a duplicate, try again
[1]
You have entered a duplicate, try again
[1]
You have entered a duplicate, try again
[1]
You have entered a duplicate, try again
[1]
You have entered a duplicate, try again
[1]
You have entered a duplicate, try again
[1]
You have entered a duplicate, try again
[1]
You have entered a duplicate, try again
[1]
You have entered a duplicate, try again
[1]
You have entered a duplicate, try again
[1]
You have entered a duplicate, try again
[1]
You have entered a duplicate, try again
[1]
You have entered a duplicate, try again
[1]
You have entered a duplicate, try again
[1]
You have entered a duplicate, try again
[1]
You have entered a duplicate, try again
[1]
You have entered a duplicate, try again
[1]
You have entered a duplicate, try again
[1]
You have entered a duplicate, try again
[1]
You have entered a duplicate, try again
[1]
You have entered a duplicate, try again
[1]
You have entered a duplicate, try again
[1]
You have entered a duplicate, try again
[1]
You have entered a duplicate, try again
[1]
You have entered a duplicate, try again
[1]
You have entered a duplicate, try again
[1]
You have entered a duplicate, try again
[1]
You have entered a duplicate, try again
[1]
You have entered a duplicate, try again
[1]
You have entered a duplicate, try again
[1]
You have entered a duplicate, try again
[1]
You have entered a duplicate, try again
[1]
You have entered a duplicate, try again
[1]
You have entered a duplicate, try again
[1]
You have entered a duplicate, try again
[1]
You have entered a duplicate, try again
[1]
You have entered a duplicate, try again
[1]
You have entered a duplicate, try again
[1]
You have entered a duplicate, try again
[1]
You have entered a duplicate, try again
[1]
You have entered a duplicate, try again
[1]
You have entered a duplicate, try again
[1]
You have entered a duplicate, try again
[1]
You have entered a duplicate, try again
[1]
You have entered a duplicate, try again
[1]
You have entered a duplicate, try again
[1]
You have entered a duplicate, try again
[1]
You have entered a duplicate, try again
[1]
You have entered a duplicate, try again
[1]
You have entered a duplicate, try again
[1]
You have entered a duplicate, try again
[1]
You have entered a duplicate, try again
[1]
You have entered a duplicate, try again
[1]
You have entered a duplicate, try again
[1]
You have entered a duplicate, try again
[1]
You have entered a duplicate, try again
[1]
You have entered a duplicate, try again
[1]
You have entered a duplicate, try again
[1]
You have entered a duplicate, try again
[1]
You have entered a duplicate, try again
[1]
You have entered a duplicate, try again
[1]
You have entered a duplicate, try again
[1]
You have entered a duplicate, try again
[1]
You have entered a duplicate, try again
[1]
You have entered a duplicate, try again
[1]
You have entered a duplicate, try again
[1]
You have entered a duplicate, try again
[1]
You have entered a duplicate, try again
[1]
You have entered a duplicate, try again
[1]
You have entered a duplicate, try again
[1]
You have entered a duplicate, try again
[1]
You have entered a duplicate, try again
[1]
You have entered a duplicate, try again
[1]
You have entered a duplicate, try again
[1]
You have entered a duplicate, try again
[1]
You have entered a duplicate, try again
[1]
You have entered a duplicate, try again
[1]
You have entered a duplicate, try again
[1]
You have entered a duplicate, try again
[1]
You have entered a duplicate, try again
[1]
You have entered a duplicate, try again
[1]
You have entered a duplicate, try again
[1]
You have entered a duplicate, try again
[1]
You have entered a duplicate, try again
[1]
You have entered a duplicate, try again
[1]
You have entered a duplicate, try again
[1]
You have entered a duplicate, try again
[1]
You have entered a duplicate, try again
[1]
You have entered a duplicate, try again
[1]
You have entered a duplicate, try again
[1]
You have entered a duplicate, try again
[1]
You have entered a duplicate, try again
[1]
You have entered a duplicate, try again
[1]
You have entered a duplicate, try again
[1]
You have entered a duplicate, try again
[1]
You have entered a duplicate, try again
[1]
You have entered a duplicate, try again
[1]
You have entered a duplicate, try again
[1]
You have entered a duplicate, try again
[1]
You have entered a duplicate, try again
[1]
You have entered a duplicate, try again
[1]
You have entered a duplicate, try again
[1]
You have entered a duplicate, try again
[1]
You have entered a duplicate, try again
[1]
You have entered a duplicate, try again
[1]
You have entered a duplicate, try again
[1]
You have entered a duplicate, try again
[1]
You have entered a duplicate, try again
[1]
You have entered a duplicate, try again
[1]
You have entered a duplicate, try again
[1]
You have entered a duplicate, try again
[1]
You have entered a duplicate, try again
[1]
You have entered a duplicate, try again
[1]
You have entered a duplicate, try again
[1]
You have entered a duplicate, try again
[1]
You have entered a duplicate, try again
[1]
You have entered a duplicate, try again
[1]
You have entered a duplicate, try again
[1]
You have entered a duplicate, try again
[1]
You have entered a duplicate, try again
[1]
You have entered a duplicate, try again
[1]
You have entered a duplicate, try again
[1]
You have entered a duplicate, try again
[1]
You have entered a duplicate, try again
[1]
You have entered a duplicate, try again
[1]
You have entered a duplicate, try again
[1]
You have entered a duplicate, try again
[1]
You have entered a duplicate, try again
[1]
You have entered a duplicate, try again
[1]
You have entered a duplicate, try again
[1]
You have entered a duplicate, try again
[1]
You have entered a duplicate, try again
[1]
You have entered a duplicate, try again
[1]
You have entered a duplicate, try again
[1]
You have entered a duplicate, try again
[1]
You have entered a duplicate, try again
[1]
You have entered a duplicate, try again
[1]
You have entered a duplicate, try again
[1]
You have entered a duplicate, try again
[1]
You have entered a duplicate, try again
[1]
You have entered a duplicate, try again
[1]
You have entered a duplicate, try again
[1]
You have entered a duplicate, try again
[1]
You have entered a duplicate, try again
[1]
You have entered a duplicate, try again
[1]
You have entered a duplicate, try again
[1]
You have entered a duplicate, try again
[1]
You have entered a duplicate, try again
[1]
You have entered a duplicate, try again
[1]
You have entered a duplicate, try again
[1]
You have entered a duplicate, try again
[1]
You have entered a duplicate, try again
[1]
You have entered a duplicate, try again
[1]
You have entered a duplicate, try again
[1]
You have entered a duplicate, try again
[1]
You have entered a duplicate, try again
[1]
You have entered a duplicate, try again
[1]
You have entered a duplicate, try again
[1]
You have entered a duplicate, try again
[1]
You have entered a duplicate, try again
[1]
You have entered a duplicate, try again
[1]
You have entered a duplicate, try again
[1]
You have entered a duplicate, try again
[1]
You have entered a duplicate, try again
[1]
You have entered a duplicate, try again
[1]
You have entered a duplicate, try again
[1]
You have entered a duplicate, try again
[1]
You have entered a duplicate, try again
[1]
You have entered a duplicate, try again
[1]
You have entered a duplicate, try again
[1]
You have entered a duplicate, try again
[1]
You have entered a duplicate, try again
[1]
You have entered a duplicate, try again
[1]
You have entered a duplicate, try again
[1]
You have entered a duplicate, try again
[1]
You have entered a duplicate, try again
[1]
You have entered a duplicate, try again
[1]
You have entered a duplicate, try again
[1]
You have entered a duplicate, try again
[1]
You have entered a duplicate, try again
[1]
You have entered a duplicate, try again
[1]
You have entered a duplicate, try again
[1]
You have entered a duplicate, try again
[1]
You have entered a duplicate, try again
[1]
You have entered a duplicate, try again
[1]
You have entered a duplicate, try again
[1]
You have entered a duplicate, try again
[1]
You have entered a duplicate, try again
[1]
You have entered a duplicate, try again
[1]
You have entered a duplicate, try again
[1]
You have entered a duplicate, try again
[1]
You have entered a duplicate, try again
[1]
You have entered a duplicate, try again
[1]
You have entered a duplicate, try again
[1]
You have entered a duplicate, try again
[1]
You have entered a duplicate, try again
[1]
You have entered a duplicate, try again
[1]
You have entered a duplicate, try again
[1]
You have entered a duplicate, try again
[1]
You have entered a duplicate, try again
[1]
You have entered a duplicate, try again
[1]
You have entered a duplicate, try again
[1]
You have entered a duplicate, try again
[1]
You have entered a duplicate, try again
[1]
You have entered a duplicate, try again
[1]
You have entered a duplicate, try again
[1]
You have entered a duplicate, try again
[1]
You have entered a duplicate, try again
[1]
You have entered a duplicate, try again
[1]
You have entered a duplicate, try again
[1]
You have entered a duplicate, try again
[1]
You have entered a duplicate, try again
[1]
You have entered a duplicate, try again
[1]
You have entered a duplicate, try again
[1]
You have entered a duplicate, try again
[1]
You have entered a duplicate, try again
[1]
You have entered a duplicate, try again
[1]
You have entered a duplicate, try again
[1]
You have entered a duplicate, try again
[1]
You have entered a duplicate, try again
[1]
You have entered a duplicate, try again
[1]
You have entered a duplicate, try again
[1]
You have entered a duplicate, try again
[1]
You have entered a duplicate, try again
[1]
You have entered a duplicate, try again
[1]
You have entered a duplicate, try again
[1]
You have entered a duplicate, try again
[1]
You have entered a duplicate, try again
[1]
You have entered a duplicate, try again
[1]
You have entered a duplicate, try again
[1]
You have entered a duplicate, try again
[1]
You have entered a duplicate, try again
[1]
You have entered a duplicate, try again
[1]
You have entered a duplicate, try again
[1]
You have entered a duplicate, try again
[1]
You have entered a duplicate, try again
[1]
You have entered a duplicate, try again
[1]
You have entered a duplicate, try again
[1]
You have entered a duplicate, try again
[1]
You have entered a duplicate, try again
[1]
You have entered a duplicate, try again
[1]
You have entered a duplicate, try again
[1]
You have entered a duplicate, try again
[1]
You have entered a duplicate, try again
[1]
You have entered a duplicate, try again
[1]
You have entered a duplicate, try again
[1]
You have entered a duplicate, try again
[1]
You have entered a duplicate, try again
[1]
You have entered a duplicate, try again
[1]
You have entered a duplicate, try again
[1]
You have entered a duplicate, try again
[1]
You have entered a duplicate, try again
[1]
You have entered a duplicate, try again
[1]
You have entered a duplicate, try again
[1]
You have entered a duplicate, try again
[1]
You have entered a duplicate, try again
[1]
You have entered a duplicate, try again
[1]
[...]
[1]
You have entered a duplicate, try again
[1]
You have entered a duplicate, try again
[1]
You have entered a duplicate, try again
[1]
You have entered a duplicate, try again
[1]
You have entered a duplicate, try again
[1]
You have entered a duplicate, try again
[1]
You have entered a duplicate, try again
[1]
You have entered a duplicate, try again
[1]
You have entered a duplicate, try again
[1]
You have entered a duplicate, try again
[1]
You have entered a duplicate, try again
[1]
You have entered a duplicate, try again
[1]
You have entered a duplicate, try again
[1]
You have entered a duplicate, try again
[1]
You have entered a duplicate, try again
[1]
You have entered a duplicate, try again
[1]
You have entered a duplicate, try again
[1]
You have entered a duplicate, try again
[1]
You have entered a duplicate, try again
[1]
You have entered a duplicate, try again
[1]
You have entered a duplicate, try again
[1]
You have entered a duplicate, try again
[1]
You have entered a duplicate, try again
[1]
You have entered a duplicate, try again
[1]
You have entered a duplicate, try again
[1]
You have entered a duplicate, try again
[1]
You have entered a duplicate, try again
[1]
You have entered a duplicate, try again
[1]
You have entered a duplicate, try again
[1]
You have entered a duplicate, try again
[1]
You have entered a duplicate, try again
[1]
You have entered a duplicate, try again
[1]
You have entered a duplicate, try again
[1]
You have entered a duplicate, try again
[1]
You have entered a duplicate, try again
[1]
You have entered a duplicate, try again
[1]
You have entered a duplicate, try again
[1]
You have entered a duplicate, try again
[1]
You have entered a duplicate, try again
[1]
You have entered a duplicate, try again
[1]
You have entered a duplicate, try again
[1]
You have entered a duplicate, try again
[1]
You have entered a duplicate, try again
[1]
You have entered a duplicate, try again
[1]
You have entered a duplicate, try again
[1]
You have entered a duplicate, try again
[1]
You have entered a duplicate, try again
[1]
You have entered a duplicate, try again
[1]
You have entered a duplicate, try again
[1]
You have entered a duplicate, try again
[1]
You have entered a duplicate, try again
[1]
You have entered a duplicate, try again
[1]
You have entered a duplicate, try again
[1]
You have entered a duplicate, try again
[1]
You have entered a duplicate, try again
[1]
You have entered a duplicate, try again
[1]
You have entered a duplicate, try again
[1]
You have entered a duplicate, try again
[1]
You have entered a duplicate, try again
[1]
You have entered a duplicate, try again
[1]
You have entered a duplicate, try again
[1]
You have entered a duplicate, try again
[1]
You have entered a duplicate, try again
[1]
You have entered a duplicate, try again
[1]
You have entered a duplicate, try again
[1]
You have entered a duplicate, try again
[1]
You have entered a duplicate, try again
[1]
You have entered a duplicate, try again
[1]
You have entered a duplicate, try again
[1]
You have entered a duplicate, try again
[1]
You have entered a duplicate, try again
[1]
You have entered a duplicate, try again
[1]
You have entered a duplicate, try again
[1]
You have entered a duplicate, try again
[1]
You have entered a duplicate, try again
[1]
You have entered a duplicate, try again
[1]
You have entered a duplicate, try again
[1]
You have entered a duplicate, try again
[1]
You have entered a duplicate, try again
[1]
You have entered a duplicate, try again
[1]
You have entered a duplicate, try again
[1]
You have entered a duplicate, try again
[1]
You have entered a duplicate, try again
[1]
You have entered a duplicate, try again
[1]
You have entered a duplicate, try again
[1]
You have entered a duplicate, try again
[1]
You have entered a duplicate, try again
[1]
You have entered a duplicate, try again
[1]
You have entered a duplicate, try again
[1]
You have entered a duplicate, try again
[1]
You have entered a duplicate, try again
[1]
You have entered a duplicate, try again
[1]
You have entered a duplicate, try again
[1]
You have entered a duplicate, try again
[1]
You have entered a duplicate, try again
[1]
You have entered a duplicate, try again
[1]
You have entered a duplicate, try again
[1]
You have entered a duplicate, try again
[1]
You have entered a duplicate, try again
[1]
You have entered a duplicate, try again
[1]
You have entered a duplicate, try again
[1]
You have entered a duplicate, try again
[1]
You have entered a duplicate, try again
[1]
You have entered a duplicate, try again
[1]
You have entered a duplicate, try again
[1]
You have entered a duplicate, try again
[1]
You have entered a duplicate, try again
[1]
You have entered a duplicate, try again
[1]
You have entered a duplicate, try again
[1]
You have entered a duplicate, try again
[1]
You have entered a duplicate, try again
[1]
You have entered a duplicate, try again
[1]
You have entered a duplicate, try again
[1]
You have entered a duplicate, try again
[1]
You have entered a duplicate, try again
[1]
You have entered a duplicate, try again
[1]
You have entered a duplicate, try again
[1]
You have entered a duplicate, try again
[1]
You have entered a duplicate, try again
[1]
You have entered a duplicate, try again
[1]
You have entered a duplicate, try again
[1]
You have entered a duplicate, try again
[1]
You have entered a duplicate, try again
[1]
You have entered a duplicate, try again
[1]
You have entered a duplicate, try again
[1]
You have entered a duplicate, try again
[1]
You have entered a duplicate, try again
[1]
You have entered a duplicate, try again
[1]
You have entered a duplicate, try again
[1]
You have entered a duplicate, try again
[1]
You have entered a duplicate, try again
[1]
You have entered a duplicate, try again
[1]
You have entered a duplicate, try again
[1]
You have entered a duplicate, try again
[1]
You have entered a duplicate, try again
[1]
You have entered a duplicate, try again
[1]
You have entered a duplicate, try again
[1]
You have entered a duplicate, try again
[1]
You have entered a duplicate, try again
[1]
You have entered a duplicate, try again
[1]
You have entered a duplicate, try again
[1]
You have entered a duplicate, try again
[1]
You have entered a duplicate, try again
[1]
You have entered a duplicate, try again
[1]
You have entered a duplicate, try again
[1]
You have entered a duplicate, try again
[1]
You have entered a duplicate, try again
[1]
You have entered a duplicate, try again
[1]
You have entered a duplicate, try again
[1]
You have entered a duplicate, try again
[1]
You have entered a duplicate, try again
[1]
You have entered a duplicate, try again
[1]
You have entered a duplicate, try again
[1]
You have entered a duplicate, try again
[1]
You have entered a duplicate, try again
[1]
You have entered a duplicate, try again
[1]
You have entered a duplicate, try again
[1]
You have entered a duplicate, try again
[1]
You have entered a duplicate, try again
[1]
You have entered a duplicate, try again
[1]
You have entered a duplicate, try again
[1]
You have entered a duplicate, try again
[1]
You have entered a duplicate, try again
[1]
You have entered a duplicate, try again
[1]
You have entered a duplicate, try again
[1]
You have entered a duplicate, try again
[1]
You have entered a duplicate, try again
[1]
You have entered a duplicate, try again
[1]
You have entered a duplicate, try again
[1]
You have entered a duplicate, try again
[1]
You have entered a duplicate, try again
[1]
You have entered a duplicate, try again
[1]
You have entered a duplicate, try again
[1]
You have entered a duplicate, try again
[1]
You have entered a duplicate, try again
[1]
You have entered a duplicate, try again
[1]
You have entered a duplicate, try again
[1]
You have entered a duplicate, try again
[1]
You have entered a duplicate, try again
[1]
You have entered a duplicate, try again
[1]
You have entered a duplicate, try again
[1]
You have entered a duplicate, try again
[1]
You have entered a duplicate, try again
[1]
You have entered a duplicate, try again
[1]
You have entered a duplicate, try again
[1]
You have entered a duplicate, try again
[1]
You have entered a duplicate, try again
[1]
You have entered a duplicate, try again
[1]
You have entered a duplicate, try again
[1]
You have entered a duplicate, try again
[1]
You have entered a duplicate, try again
[1]
You have entered a duplicate, try again
[1]
You have entered a duplicate, try again
[1]
You have entered a duplicate, try again
[1]
You have entered a duplicate, try again
[1]
You have entered a duplicate, try again
[1]
You have entered a duplicate, try again
[1]
You have entered a duplicate, try again
[1]
You have entered a duplicate, try again
[1]
You have entered a duplicate, try again
[1]
You have entered a duplicate, try again
[1]
You have entered a duplicate, try again
[1]
You have entered a duplicate, try again
[1]
You have entered a duplicate, try again
[1]
You have entered a duplicate, try again
[1]
You have entered a duplicate, try again
[1]
You have entered a duplicate, try again
[1]
You have entered a duplicate, try again
[1]
You have entered a duplicate, try again
[1]
You have entered a duplicate, try again
[1]
You have entered a duplicate, try again
[1]
You have entered a duplicate, try again
[1]
You have entered a duplicate, try again
[1]
You have entered a duplicate, try again
[1]
You have entered a duplicate, try again
[1]
You have entered a duplicate, try again
[1]
You have entered a duplicate, try again
[1]
You have entered a duplicate, try again
[1]
You have entered a duplicate, try again
[1]
You have entered a duplicate, try again
[1]
You have entered a duplicate, try again
[1]
You have entered a duplicate, try again
[1]
You have entered a duplicate, try again
[1]
You have entered a duplicate, try again
[1]
You have entered a duplicate, try again
[1]
You have entered a duplicate, try again
[1]
You have entered a duplicate, try again
[1]
You have entered a duplicate, try again
[1]
You have entered a duplicate, try again
[1]
You have entered a duplicate, try again
[1]
You have entered a duplicate, try again
[1]
You have entered a duplicate, try again
[1]
You have entered a duplicate, try again
[1]
You have entered a duplicate, try again
[1]
You have entered a duplicate, try again
[1]
You have entered a duplicate, try again
[1]
You have entered a duplicate, try again
[1]
You have entered a duplicate, try again
[1]
You have entered a duplicate, try again
[1]
You have entered a duplicate, try again
[1]
You have entered a duplicate, try again
[1]
You have entered a duplicate, try again
[1]
You have entered a duplicate, try again
[1]
You have entered a duplicate, try again
[1]
You have entered a duplicate, try again
[1]
You have entered a duplicate, try again
[1]
You have entered a duplicate, try again
[1]
You have entered a duplicate, try again
[1]
You have entered a duplicate, try again
[1]
You have entered a duplicate, try again
[1]
You have entered a duplicate, try again
[1]
You have entered a duplicate, try again
[1]
You have entered a duplicate, try again
[1]
You have entered a duplicate, try again
[1]
You have entered a duplicate, try again
[1]
You have entered a duplicate, try again
[1]
You have entered a duplicate, try again
[1]
You have entered a duplicate, try again
[1]
You have entered a duplicate, try again
[1]
You have entered a duplicate, try again
[1]
You have entered a duplicate, try again
[1]
You have entered a duplicate, try again
[1]
You have entered a duplicate, try again
[1]
You have entered a duplicate, try again
[1]
You have entered a duplicate, try again
[1]
You have entered a duplicate, try again
[1]
You have entered a duplicate, try again
[1]
You have entered a duplicate, try again
[1]
You have entered a duplicate, try again
[1]
You have entered a duplicate, try again
[1]
You have entered a duplicate, try again
[1]
You have entered a duplicate, try again
[1]
You have entered a duplicate, try again
[1]
You have entered a duplicate, try again
[1]
You have entered a duplicate, try again
[1]
You have entered a duplicate, try again
[1]
You have entered a duplicate, try again
[1]
You have entered a duplicate, try again
[1]
You have entered a duplicate, try again
[1]
You have entered a duplicate, try again
[1]
You have entered a duplicate, try again
[1]
You have entered a duplicate, try again
[1]
You have entered a duplicate, try again
[1]
You have entered a duplicate, try again
[1]
You have entered a duplicate, try again
[1]
You have entered a duplicate, try again
[1]
You have entered a duplicate, try again
[1]
You have entered a duplicate, try again
[1]
You have entered a duplicate, try again
[1]
You have entered a duplicate, try again
[1]
You have entered a duplicate, try again
[1]
You have entered a duplicate, try again
[1]
You have entered a duplicate, try again
[1]
You have entered a duplicate, try again
[1]
You have entered a duplicate, try again
[1]
You have entered a duplicate, try again
[1]
You have entered a duplicate, try again
[1]
You have entered a duplicate, try again
[1]
You have entered a duplicate, try again
[1]
You have entered a duplicate, try again
[1]
You have entered a duplicate, try again
[1]
You have entered a duplicate, try again
[1]
You have entered a duplicate, try again
[1]
You have entered a duplicate, try again
[1]
You have entered a duplicate, try again
[1]
You have entered a duplicate, try again
[1]
You have entered a duplicate, try again
[1]
You have entered a duplicate, try again
[1]
You have entered a duplicate, try again
[1]
You have entered a duplicate, try again
[1]
You have entered a duplicate, try again
[1]
You have entered a duplicate, try again
[1]
You have entered a duplicate, try again
[1]
You have entered a duplicate, try again
[1]
You have entered a duplicate, try again
[1]
You have entered a duplicate, try again
[1]
You have entered a duplicate, try again
[1]
You have entered a duplicate, try again
[1]
You have entered a duplicate, try again
[1]
You have entered a duplicate, try again
[1]
You have entered a duplicate, try again
[1]
You have entered a duplicate, try again
[1]
You have entered a duplicate, try again
[1]
You have entered a duplicate, try again
[1]
You have entered a duplicate, try again
[1]
You have entered a duplicate, try again
[1]
You have entered a duplicate, try again
[1]
You have entered a duplicate, try again
[1]
You have entered a duplicate, try again
[1]
You have entered a duplicate, try again
[1]
You have entered a duplicate, try again
[1]
You have entered a duplicate, try again
[1]
You have entered a duplicate, try again
[1]
You have entered a duplicate, try again
[1]
You have entered a duplicate, try again
[1]
You have entered a duplicate, try again
[1]
You have entered a duplicate, try again
[1]
You have entered a duplicate, try again
[1]
You have entered a duplicate, try again
[1]
You have entered a duplicate, try again
[1]
You have entered a duplicate, try again
[1]
You have entered a duplicate, try again
[1]
You have entered a duplicate, try again
[1]
You have entered a duplicate, try again
[1]
You have entered a duplicate, try again
[1]
You have entered a duplicate, try again
[1]
You have entered a duplicate, try again
[1]
You have entered a duplicate, try again
[1]
You have entered a duplicate, try again
[1]
You have entered a duplicate, try again
[1]
You have entered a duplicate, try again
[1]
You have entered a duplicate, try again
[1]
You have entered a duplicate, try again
[1]
You have entered a duplicate, try again
[1]
You have entered a duplicate, try again
[1]
You have entered a duplicate, try again
[1]
You have entered a duplicate, try again
[1]
You have entered a duplicate, try again
[1]
You have entered a duplicate, try again
[1]
You have entered a duplicate, try again
[1]
You have entered a duplicate, try again
[1]
You have entered a duplicate, try again
[1]
You have entered a duplicate, try again
[1]
You have entered a duplicate, try again
[1]
You have entered a duplicate, try again
[1]
You have entered a duplicate, try again
[1]
You have entered a duplicate, try again
[1]
You have entered a duplicate, try again
[1]
You have entered a duplicate, try again
[1]
You have entered a duplicate, try again
[1]
You have entered a duplicate, try again
[1]
You have entered a duplicate, try again
[1]
You have entered a duplicate, try again
[1]
You have entered a duplicate, try again
[1]
You have entered a duplicate, try again
[1]
You have entered a duplicate, try again
[1]
You have entered a duplicate, try again
[1]
You have entered a duplicate, try again
[1]
You have entered a duplicate, try again
[1]
You have entered a duplicate, try again
[1]
You have entered a duplicate, try again
[1]
You have entered a duplicate, try again
[1]
You have entered a duplicate, try again
[1]
You have entered a duplicate, try again
[1]
You have entered a duplicate, try again
[1]
You have entered a duplicate, try again
[1]
You have entered a duplicate, try again
[1]
You have entered a duplicate, try again
[1]
You have entered a duplicate, try again
[1]
You have entered a duplicate, try again
[1]
You have entered a duplicate, try again
[1]
You have entered a duplicate, try again
[1]
You have entered a duplicate, try again
[1]
You have entered a duplicate, try again
[1]
You have entered a duplicate, try again
[1]
You have entered a duplicate, try again
[1]
You have entered a duplicate, try again
[1]
You have entered a duplicate, try again
[1]
You have entered a duplicate, try again
[1]
You have entered a duplicate, try again
[1]
You have entered a duplicate, try again
[1]
You have entered a duplicate, try again
[1]
You have entered a duplicate, try again
[1]
You have entered a duplicate, try again
[1]
You have entered a duplicate, try again
[1]
You have entered a duplicate, try again
[1]
You have entered a duplicate, try again
[1]
You have entered a duplicate, try again
[1]
You have entered a duplicate, try again
[1]
You have entered a duplicate, try again
[1]
You have entered a duplicate, try again
[1]
You have entered a duplicate, try again
[1]
You have entered a duplicate, try again
[1]
You have entered a duplicate, try again
[1]
You have entered a duplicate, try again
[1]
You have entered a duplicate, try again
[1]
You have entered a duplicate, try again
[1]
You have entered a duplicate, try again
[1]
You have entered a duplicate, try again
[1]
You have entered a duplicate, try again
[1]
You have entered a duplicate, try again
[1]
You have entered a duplicate, try again
[1]
You have entered a duplicate, try again
[1]
You have entered a duplicate, try again
[1]
You have entered a duplicate, try again
[1]
You have entered a duplicate, try again
[1]
You have entered a duplicate, try again
[1]
You have entered a duplicate, try again
[1]
You have entered a duplicate, try again
[1]
You have entered a duplicate, try again
[1]
You have entered a duplicate, try again
[1]
You have entered a duplicate, try again
[1]
You have entered a duplicate, try again
[1]
You have entered a duplicate, try again
[1]
You have entered a duplicate, try again
[1]
You have entered a duplicate, try again
[1]
You have entered a duplicate, try again
[1]
You have entered a duplicate, try again
[1]
You have entered a duplicate, try again
[1]
You have entered a duplicate, try again
[1]
You have entered a duplicate, try again
[1]
You have entered a duplicate, try again
[1]
You have entered a duplicate, try again
[1]
You have entered a duplicate, try again
[1]
You have entered a duplicate, try again
[1]
You have entered a duplicate, try again
[1]
You have entered a duplicate, try again
[1]
You have entered a duplicate, try again
[1]
You have entered a duplicate, try again
[1]
You have entered a duplicate, try again
[1]
You have entered a duplicate, try again
[1]
You have entered a duplicate, try again
[1]
]]></system-out>
  <system-err><![CDATA[]]></system-err>
</testsuite>
